<?xml version="1.0" encoding="UTF-8"?>
<testsuite name="com.jpa.advance.example.TestVersionAnnotation" tests="1" skipped="0" failures="1" errors="0" timestamp="2016-05-18T07:42:49" hostname="Adarsh.local" time="0.095">
  <properties/>
  <testcase name="checkLockModeType" classname="com.jpa.advance.example.TestVersionAnnotation" time="0.095">
    <failure message="java.lang.Exception: Unexpected exception, expected&lt;org.springframework.orm.ObjectOptimisticLockingFailureException&gt; but was&lt;java.lang.IllegalArgumentException&gt;" type="java.lang.Exception">java.lang.Exception: Unexpected exception, expected&lt;org.springframework.orm.ObjectOptimisticLockingFailureException&gt; but was&lt;java.lang.IllegalArgumentException&gt;
	at org.junit.internal.runners.statements.ExpectException.evaluate(ExpectException.java:28)
	at org.junit.runners.ParentRunner.runLeaf(ParentRunner.java:271)
	at org.junit.runners.BlockJUnit4ClassRunner.runChild(BlockJUnit4ClassRunner.java:70)
	at org.junit.runners.BlockJUnit4ClassRunner.runChild(BlockJUnit4ClassRunner.java:50)
	at org.junit.runners.ParentRunner$3.run(ParentRunner.java:238)
	at org.junit.runners.ParentRunner$1.schedule(ParentRunner.java:63)
	at org.junit.runners.ParentRunner.runChildren(ParentRunner.java:236)
	at org.junit.runners.ParentRunner.access$000(ParentRunner.java:53)
	at org.junit.runners.ParentRunner$2.evaluate(ParentRunner.java:229)
	at org.junit.runners.ParentRunner.run(ParentRunner.java:309)
	at org.jukito.JukitoRunner.run(JukitoRunner.java:166)
	at org.gradle.api.internal.tasks.testing.junit.JUnitTestClassExecuter.runTestClass(JUnitTestClassExecuter.java:86)
	at org.gradle.api.internal.tasks.testing.junit.JUnitTestClassExecuter.execute(JUnitTestClassExecuter.java:49)
	at org.gradle.api.internal.tasks.testing.junit.JUnitTestClassProcessor.processTestClass(JUnitTestClassProcessor.java:64)
	at org.gradle.api.internal.tasks.testing.SuiteTestClassProcessor.processTestClass(SuiteTestClassProcessor.java:50)
	at sun.reflect.NativeMethodAccessorImpl.invoke0(Native Method)
	at sun.reflect.NativeMethodAccessorImpl.invoke(NativeMethodAccessorImpl.java:62)
	at sun.reflect.DelegatingMethodAccessorImpl.invoke(DelegatingMethodAccessorImpl.java:43)
	at java.lang.reflect.Method.invoke(Method.java:483)
	at org.gradle.messaging.dispatch.ReflectionDispatch.dispatch(ReflectionDispatch.java:35)
	at org.gradle.messaging.dispatch.ReflectionDispatch.dispatch(ReflectionDispatch.java:24)
	at org.gradle.messaging.dispatch.ContextClassLoaderDispatch.dispatch(ContextClassLoaderDispatch.java:32)
	at org.gradle.messaging.dispatch.ProxyDispatchAdapter$DispatchingInvocationHandler.invoke(ProxyDispatchAdapter.java:93)
	at com.sun.proxy.$Proxy2.processTestClass(Unknown Source)
	at org.gradle.api.internal.tasks.testing.worker.TestWorker.processTestClass(TestWorker.java:106)
	at sun.reflect.NativeMethodAccessorImpl.invoke0(Native Method)
	at sun.reflect.NativeMethodAccessorImpl.invoke(NativeMethodAccessorImpl.java:62)
	at sun.reflect.DelegatingMethodAccessorImpl.invoke(DelegatingMethodAccessorImpl.java:43)
	at java.lang.reflect.Method.invoke(Method.java:483)
	at org.gradle.messaging.dispatch.ReflectionDispatch.dispatch(ReflectionDispatch.java:35)
	at org.gradle.messaging.dispatch.ReflectionDispatch.dispatch(ReflectionDispatch.java:24)
	at org.gradle.messaging.remote.internal.hub.MessageHub$Handler.run(MessageHub.java:360)
	at org.gradle.internal.concurrent.ExecutorPolicy$CatchAndRecordFailures.onExecute(ExecutorPolicy.java:54)
	at org.gradle.internal.concurrent.StoppableExecutorImpl$1.run(StoppableExecutorImpl.java:40)
	at java.util.concurrent.ThreadPoolExecutor.runWorker(ThreadPoolExecutor.java:1142)
	at java.util.concurrent.ThreadPoolExecutor$Worker.run(ThreadPoolExecutor.java:617)
	at java.lang.Thread.run(Thread.java:745)
Caused by: java.lang.IllegalArgumentException: No query defined for that name [findOrderByExternalId]
	at org.hibernate.jpa.spi.AbstractEntityManagerImpl.buildQueryFromName(AbstractEntityManagerImpl.java:788)
	at org.hibernate.jpa.spi.AbstractEntityManagerImpl.createNamedQuery(AbstractEntityManagerImpl.java:925)
	at com.jpa.advance.example.interal.JpaOrderRepository.findOrderByExternalId(JpaOrderRepository.java:50)
	at com.jpa.advance.example.TestVersionAnnotation.checkLockModeType(TestVersionAnnotation.java:46)
	at org.springframework.transaction.interceptor.TransactionInterceptor$1.proceedWithInvocation(TransactionInterceptor.java:98)
	at org.springframework.transaction.interceptor.TransactionAspectSupport.invokeWithinTransaction(TransactionAspectSupport.java:262)
	at org.springframework.transaction.interceptor.TransactionInterceptor.invoke(TransactionInterceptor.java:95)
	at sun.reflect.NativeMethodAccessorImpl.invoke0(Native Method)
	at sun.reflect.NativeMethodAccessorImpl.invoke(NativeMethodAccessorImpl.java:62)
	at sun.reflect.DelegatingMethodAccessorImpl.invoke(DelegatingMethodAccessorImpl.java:43)
	at java.lang.reflect.Method.invoke(Method.java:483)
	at org.junit.runners.model.FrameworkMethod$1.runReflectiveCall(FrameworkMethod.java:47)
	at org.junit.internal.runners.model.ReflectiveCallable.run(ReflectiveCallable.java:12)
	at org.junit.runners.model.FrameworkMethod.invokeExplosively(FrameworkMethod.java:44)
	at org.jukito.InjectedStatement.evaluate(InjectedStatement.java:75)
	at org.junit.internal.runners.statements.ExpectException.evaluate(ExpectException.java:19)
	... 36 more
</failure>
  </testcase>
  <system-out><![CDATA[13:12:49.307 [Test worker] DEBUG f.s.c.e.g.j.s.CustomAnnotationTransactionAttributeSource - Adding transactional method 'TestVersionAnnotation$$EnhancerByGuice$$22ee63bd.checkLockModeType' with attribute: PROPAGATION_REQUIRED,ISOLATION_DEFAULT; ''
13:12:49.308 [Test worker] DEBUG org.reflections.Reflections - going to scan these urls:
	file:/Users/adarsh.singh/code/db_access/jpa_advance/build/classes/main/

13:12:49.309 [Test worker] INFO  org.reflections.Reflections - Reflections took 1 ms to scan 1 urls, producing 0 keys and 0 values 
13:12:49.312 [Test worker] DEBUG o.s.c.i.s.PathMatchingResourcePatternResolver - Looking for matching resources in directory tree [/Users/adarsh.singh/code/db_access/jpa_advance/build/classes/main/com/jpa/advance/example/model]
13:12:49.313 [Test worker] DEBUG o.s.c.i.s.PathMatchingResourcePatternResolver - Searching directory [/Users/adarsh.singh/code/db_access/jpa_advance/build/classes/main/com/jpa/advance/example/model] for files matching pattern [/Users/adarsh.singh/code/db_access/jpa_advance/build/classes/main/com/jpa/advance/example/model/**/*.class]
13:12:49.313 [Test worker] DEBUG o.s.c.i.s.PathMatchingResourcePatternResolver - Resolved location pattern [classpath*:com/jpa/advance/example/model/**/*.class] to resources [file [/Users/adarsh.singh/code/db_access/jpa_advance/build/classes/main/com/jpa/advance/example/model/OrderEntity$Status.class], file [/Users/adarsh.singh/code/db_access/jpa_advance/build/classes/main/com/jpa/advance/example/model/OrderEntity.class], file [/Users/adarsh.singh/code/db_access/jpa_advance/build/classes/main/com/jpa/advance/example/model/OrderHistory.class], file [/Users/adarsh.singh/code/db_access/jpa_advance/build/classes/main/com/jpa/advance/example/model/OrderItem.class], file [/Users/adarsh.singh/code/db_access/jpa_advance/build/classes/main/com/jpa/advance/example/model/Shipment.class]]
13:12:49.315 [Test worker] INFO  o.s.o.j.LocalContainerEntityManagerFactoryBean - Building JPA container EntityManagerFactory for persistence unit 'default'
13:12:49.315 [Test worker] DEBUG o.h.jpa.internal.util.LogHelper - PersistenceUnitInfo [
	name: default
	persistence provider classname: null
	classloader: sun.misc.Launcher$AppClassLoader@14ae5a5
	excludeUnlistedClasses: true
	JTA datasource: null
	Non JTA datasource: com.yammer.dropwizard.db.ManagedPooledDataSource@a9e2367
	Transaction type: RESOURCE_LOCAL
	PU root URL: file:/Users/adarsh.singh/code/db_access/jpa_advance/build/classes/test/
	Shared Cache Mode: UNSPECIFIED
	Validation Mode: AUTO
	Jar files URLs []
	Managed classes names [
		com.jpa.advance.example.model.OrderEntity
		com.jpa.advance.example.model.OrderHistory
		com.jpa.advance.example.model.OrderItem
		com.jpa.advance.example.model.Shipment]
	Mapping files names []
	Properties []
13:12:49.315 [Test worker] DEBUG o.h.i.internal.IntegratorServiceImpl - Adding Integrator [org.hibernate.cfg.beanvalidation.BeanValidationIntegrator].
13:12:49.315 [Test worker] DEBUG o.h.i.internal.IntegratorServiceImpl - Adding Integrator [org.hibernate.secure.spi.JaccIntegrator].
13:12:49.315 [Test worker] DEBUG o.h.i.internal.IntegratorServiceImpl - Adding Integrator [org.hibernate.cache.internal.CollectionCacheInvalidator].
13:12:49.315 [Test worker] DEBUG o.h.i.internal.IntegratorServiceImpl - Adding Integrator [org.hibernate.jpa.event.spi.JpaIntegrator].
13:12:49.316 [Test worker] DEBUG o.h.b.r.s.i.StrategySelectorImpl - Registering named strategy selector [org.hibernate.dialect.Dialect] : [MySQL5] -> [org.hibernate.dialect.MySQL5Dialect] (replacing [org.hibernate.dialect.MySQL5Dialect])
13:12:49.316 [Test worker] DEBUG o.h.b.r.s.i.StrategySelectorImpl - Registering named strategy selector [org.hibernate.dialect.Dialect] : [MySQL5InnoDB] -> [org.hibernate.dialect.MySQL5InnoDBDialect] (replacing [org.hibernate.dialect.MySQL5InnoDBDialect])
13:12:49.320 [Test worker] DEBUG o.h.service.spi.ServiceBinding - Overriding existing service binding [org.hibernate.secure.spi.JaccService]
13:12:49.320 [Test worker] DEBUG org.hibernate.type.BasicTypeRegistry - Adding type registration boolean -> org.hibernate.type.BooleanType@55f18439
13:12:49.320 [Test worker] DEBUG org.hibernate.type.BasicTypeRegistry - Adding type registration boolean -> org.hibernate.type.BooleanType@55f18439
13:12:49.320 [Test worker] DEBUG org.hibernate.type.BasicTypeRegistry - Adding type registration java.lang.Boolean -> org.hibernate.type.BooleanType@55f18439
13:12:49.320 [Test worker] DEBUG org.hibernate.type.BasicTypeRegistry - Adding type registration numeric_boolean -> org.hibernate.type.NumericBooleanType@67fef566
13:12:49.320 [Test worker] DEBUG org.hibernate.type.BasicTypeRegistry - Adding type registration true_false -> org.hibernate.type.TrueFalseType@59436284
13:12:49.320 [Test worker] DEBUG org.hibernate.type.BasicTypeRegistry - Adding type registration yes_no -> org.hibernate.type.YesNoType@66cb45f2
13:12:49.320 [Test worker] DEBUG org.hibernate.type.BasicTypeRegistry - Adding type registration byte -> org.hibernate.type.ByteType@789920eb
13:12:49.320 [Test worker] DEBUG org.hibernate.type.BasicTypeRegistry - Adding type registration byte -> org.hibernate.type.ByteType@789920eb
13:12:49.320 [Test worker] DEBUG org.hibernate.type.BasicTypeRegistry - Adding type registration java.lang.Byte -> org.hibernate.type.ByteType@789920eb
13:12:49.320 [Test worker] DEBUG org.hibernate.type.BasicTypeRegistry - Adding type registration character -> org.hibernate.type.CharacterType@4f443dcb
13:12:49.320 [Test worker] DEBUG org.hibernate.type.BasicTypeRegistry - Adding type registration char -> org.hibernate.type.CharacterType@4f443dcb
13:12:49.320 [Test worker] DEBUG org.hibernate.type.BasicTypeRegistry - Adding type registration java.lang.Character -> org.hibernate.type.CharacterType@4f443dcb
13:12:49.320 [Test worker] DEBUG org.hibernate.type.BasicTypeRegistry - Adding type registration short -> org.hibernate.type.ShortType@51a5260b
13:12:49.320 [Test worker] DEBUG org.hibernate.type.BasicTypeRegistry - Adding type registration short -> org.hibernate.type.ShortType@51a5260b
13:12:49.320 [Test worker] DEBUG org.hibernate.type.BasicTypeRegistry - Adding type registration java.lang.Short -> org.hibernate.type.ShortType@51a5260b
13:12:49.320 [Test worker] DEBUG org.hibernate.type.BasicTypeRegistry - Adding type registration integer -> org.hibernate.type.IntegerType@5f8440a
13:12:49.320 [Test worker] DEBUG org.hibernate.type.BasicTypeRegistry - Adding type registration int -> org.hibernate.type.IntegerType@5f8440a
13:12:49.320 [Test worker] DEBUG org.hibernate.type.BasicTypeRegistry - Adding type registration java.lang.Integer -> org.hibernate.type.IntegerType@5f8440a
13:12:49.320 [Test worker] DEBUG org.hibernate.type.BasicTypeRegistry - Adding type registration long -> org.hibernate.type.LongType@de4cb08
13:12:49.320 [Test worker] DEBUG org.hibernate.type.BasicTypeRegistry - Adding type registration long -> org.hibernate.type.LongType@de4cb08
13:12:49.320 [Test worker] DEBUG org.hibernate.type.BasicTypeRegistry - Adding type registration java.lang.Long -> org.hibernate.type.LongType@de4cb08
13:12:49.320 [Test worker] DEBUG org.hibernate.type.BasicTypeRegistry - Adding type registration float -> org.hibernate.type.FloatType@7a883c18
13:12:49.320 [Test worker] DEBUG org.hibernate.type.BasicTypeRegistry - Adding type registration float -> org.hibernate.type.FloatType@7a883c18
13:12:49.320 [Test worker] DEBUG org.hibernate.type.BasicTypeRegistry - Adding type registration java.lang.Float -> org.hibernate.type.FloatType@7a883c18
13:12:49.320 [Test worker] DEBUG org.hibernate.type.BasicTypeRegistry - Adding type registration double -> org.hibernate.type.DoubleType@4a890e20
13:12:49.320 [Test worker] DEBUG org.hibernate.type.BasicTypeRegistry - Adding type registration double -> org.hibernate.type.DoubleType@4a890e20
13:12:49.320 [Test worker] DEBUG org.hibernate.type.BasicTypeRegistry - Adding type registration java.lang.Double -> org.hibernate.type.DoubleType@4a890e20
13:12:49.320 [Test worker] DEBUG org.hibernate.type.BasicTypeRegistry - Adding type registration big_decimal -> org.hibernate.type.BigDecimalType@3c8375e9
13:12:49.320 [Test worker] DEBUG org.hibernate.type.BasicTypeRegistry - Adding type registration java.math.BigDecimal -> org.hibernate.type.BigDecimalType@3c8375e9
13:12:49.320 [Test worker] DEBUG org.hibernate.type.BasicTypeRegistry - Adding type registration big_integer -> org.hibernate.type.BigIntegerType@553ad88f
13:12:49.320 [Test worker] DEBUG org.hibernate.type.BasicTypeRegistry - Adding type registration java.math.BigInteger -> org.hibernate.type.BigIntegerType@553ad88f
13:12:49.320 [Test worker] DEBUG org.hibernate.type.BasicTypeRegistry - Adding type registration string -> org.hibernate.type.StringType@5436ccd8
13:12:49.320 [Test worker] DEBUG org.hibernate.type.BasicTypeRegistry - Adding type registration java.lang.String -> org.hibernate.type.StringType@5436ccd8
13:12:49.320 [Test worker] DEBUG org.hibernate.type.BasicTypeRegistry - Adding type registration nstring -> org.hibernate.type.StringNVarcharType@36f4279e
13:12:49.320 [Test worker] DEBUG org.hibernate.type.BasicTypeRegistry - Adding type registration ncharacter -> org.hibernate.type.CharacterNCharType@6cbe33b5
13:12:49.320 [Test worker] DEBUG org.hibernate.type.BasicTypeRegistry - Adding type registration url -> org.hibernate.type.UrlType@48a173f3
13:12:49.320 [Test worker] DEBUG org.hibernate.type.BasicTypeRegistry - Adding type registration java.net.URL -> org.hibernate.type.UrlType@48a173f3
13:12:49.320 [Test worker] DEBUG org.hibernate.type.BasicTypeRegistry - Adding type registration date -> org.hibernate.type.DateType@9313bf9
13:12:49.320 [Test worker] DEBUG org.hibernate.type.BasicTypeRegistry - Adding type registration java.sql.Date -> org.hibernate.type.DateType@9313bf9
13:12:49.320 [Test worker] DEBUG org.hibernate.type.BasicTypeRegistry - Adding type registration time -> org.hibernate.type.TimeType@6d4ab6e6
13:12:49.320 [Test worker] DEBUG org.hibernate.type.BasicTypeRegistry - Adding type registration java.sql.Time -> org.hibernate.type.TimeType@6d4ab6e6
13:12:49.320 [Test worker] DEBUG org.hibernate.type.BasicTypeRegistry - Adding type registration timestamp -> org.hibernate.type.TimestampType@2ff5b75
13:12:49.320 [Test worker] DEBUG org.hibernate.type.BasicTypeRegistry - Adding type registration java.sql.Timestamp -> org.hibernate.type.TimestampType@2ff5b75
13:12:49.320 [Test worker] DEBUG org.hibernate.type.BasicTypeRegistry - Adding type registration java.util.Date -> org.hibernate.type.TimestampType@2ff5b75
13:12:49.320 [Test worker] DEBUG org.hibernate.type.BasicTypeRegistry - Adding type registration dbtimestamp -> org.hibernate.type.DbTimestampType@5837e37c
13:12:49.320 [Test worker] DEBUG org.hibernate.type.BasicTypeRegistry - Adding type registration calendar -> org.hibernate.type.CalendarType@6dfde675
13:12:49.320 [Test worker] DEBUG org.hibernate.type.BasicTypeRegistry - Adding type registration java.util.Calendar -> org.hibernate.type.CalendarType@6dfde675
13:12:49.320 [Test worker] DEBUG org.hibernate.type.BasicTypeRegistry - Adding type registration java.util.GregorianCalendar -> org.hibernate.type.CalendarType@6dfde675
13:12:49.320 [Test worker] DEBUG org.hibernate.type.BasicTypeRegistry - Adding type registration calendar_date -> org.hibernate.type.CalendarDateType@32ca709a
13:12:49.320 [Test worker] DEBUG org.hibernate.type.BasicTypeRegistry - Adding type registration locale -> org.hibernate.type.LocaleType@b0ce820
13:12:49.320 [Test worker] DEBUG org.hibernate.type.BasicTypeRegistry - Adding type registration java.util.Locale -> org.hibernate.type.LocaleType@b0ce820
13:12:49.320 [Test worker] DEBUG org.hibernate.type.BasicTypeRegistry - Adding type registration currency -> org.hibernate.type.CurrencyType@43c7bb36
13:12:49.320 [Test worker] DEBUG org.hibernate.type.BasicTypeRegistry - Adding type registration java.util.Currency -> org.hibernate.type.CurrencyType@43c7bb36
13:12:49.320 [Test worker] DEBUG org.hibernate.type.BasicTypeRegistry - Adding type registration timezone -> org.hibernate.type.TimeZoneType@7ad57cbd
13:12:49.320 [Test worker] DEBUG org.hibernate.type.BasicTypeRegistry - Adding type registration java.util.TimeZone -> org.hibernate.type.TimeZoneType@7ad57cbd
13:12:49.320 [Test worker] DEBUG org.hibernate.type.BasicTypeRegistry - Adding type registration class -> org.hibernate.type.ClassType@5089c1b7
13:12:49.320 [Test worker] DEBUG org.hibernate.type.BasicTypeRegistry - Adding type registration java.lang.Class -> org.hibernate.type.ClassType@5089c1b7
13:12:49.320 [Test worker] DEBUG org.hibernate.type.BasicTypeRegistry - Adding type registration uuid-binary -> org.hibernate.type.UUIDBinaryType@1ec74392
13:12:49.320 [Test worker] DEBUG org.hibernate.type.BasicTypeRegistry - Adding type registration java.util.UUID -> org.hibernate.type.UUIDBinaryType@1ec74392
13:12:49.321 [Test worker] DEBUG org.hibernate.type.BasicTypeRegistry - Adding type registration uuid-char -> org.hibernate.type.UUIDCharType@6b397300
13:12:49.321 [Test worker] DEBUG org.hibernate.type.BasicTypeRegistry - Adding type registration pg-uuid -> org.hibernate.type.PostgresUUIDType@3b81e79b
13:12:49.321 [Test worker] DEBUG org.hibernate.type.BasicTypeRegistry - Adding type registration binary -> org.hibernate.type.BinaryType@39118d7b
13:12:49.321 [Test worker] DEBUG org.hibernate.type.BasicTypeRegistry - Adding type registration byte[] -> org.hibernate.type.BinaryType@39118d7b
13:12:49.321 [Test worker] DEBUG org.hibernate.type.BasicTypeRegistry - Adding type registration [B -> org.hibernate.type.BinaryType@39118d7b
13:12:49.321 [Test worker] DEBUG org.hibernate.type.BasicTypeRegistry - Adding type registration wrapper-binary -> org.hibernate.type.WrapperBinaryType@4ab17e2e
13:12:49.321 [Test worker] DEBUG org.hibernate.type.BasicTypeRegistry - Adding type registration Byte[] -> org.hibernate.type.WrapperBinaryType@4ab17e2e
13:12:49.321 [Test worker] DEBUG org.hibernate.type.BasicTypeRegistry - Adding type registration [Ljava.lang.Byte; -> org.hibernate.type.WrapperBinaryType@4ab17e2e
13:12:49.321 [Test worker] DEBUG org.hibernate.type.BasicTypeRegistry - Adding type registration image -> org.hibernate.type.ImageType@711ab602
13:12:49.321 [Test worker] DEBUG org.hibernate.type.BasicTypeRegistry - Adding type registration characters -> org.hibernate.type.CharArrayType@47347319
13:12:49.321 [Test worker] DEBUG org.hibernate.type.BasicTypeRegistry - Adding type registration char[] -> org.hibernate.type.CharArrayType@47347319
13:12:49.321 [Test worker] DEBUG org.hibernate.type.BasicTypeRegistry - Adding type registration [C -> org.hibernate.type.CharArrayType@47347319
13:12:49.321 [Test worker] DEBUG org.hibernate.type.BasicTypeRegistry - Adding type registration wrapper-characters -> org.hibernate.type.CharacterArrayType@5057d9b0
13:12:49.321 [Test worker] DEBUG org.hibernate.type.BasicTypeRegistry - Adding type registration [Ljava.lang.Character; -> org.hibernate.type.CharacterArrayType@5057d9b0
13:12:49.321 [Test worker] DEBUG org.hibernate.type.BasicTypeRegistry - Adding type registration Character[] -> org.hibernate.type.CharacterArrayType@5057d9b0
13:12:49.321 [Test worker] DEBUG org.hibernate.type.BasicTypeRegistry - Adding type registration text -> org.hibernate.type.TextType@5c5ae166
13:12:49.321 [Test worker] DEBUG org.hibernate.type.BasicTypeRegistry - Adding type registration ntext -> org.hibernate.type.NTextType@365b80d
13:12:49.321 [Test worker] DEBUG org.hibernate.type.BasicTypeRegistry - Adding type registration blob -> org.hibernate.type.BlobType@40f705fe
13:12:49.321 [Test worker] DEBUG org.hibernate.type.BasicTypeRegistry - Adding type registration java.sql.Blob -> org.hibernate.type.BlobType@40f705fe
13:12:49.321 [Test worker] DEBUG org.hibernate.type.BasicTypeRegistry - Adding type registration materialized_blob -> org.hibernate.type.MaterializedBlobType@5bc7dcc3
13:12:49.321 [Test worker] DEBUG org.hibernate.type.BasicTypeRegistry - Adding type registration clob -> org.hibernate.type.ClobType@fda55a3
13:12:49.321 [Test worker] DEBUG org.hibernate.type.BasicTypeRegistry - Adding type registration java.sql.Clob -> org.hibernate.type.ClobType@fda55a3
13:12:49.321 [Test worker] DEBUG org.hibernate.type.BasicTypeRegistry - Adding type registration nclob -> org.hibernate.type.NClobType@52f71171
13:12:49.321 [Test worker] DEBUG org.hibernate.type.BasicTypeRegistry - Adding type registration java.sql.NClob -> org.hibernate.type.NClobType@52f71171
13:12:49.321 [Test worker] DEBUG org.hibernate.type.BasicTypeRegistry - Adding type registration materialized_clob -> org.hibernate.type.MaterializedClobType@12951916
13:12:49.321 [Test worker] DEBUG org.hibernate.type.BasicTypeRegistry - Adding type registration materialized_nclob -> org.hibernate.type.MaterializedNClobType@2e261e36
13:12:49.321 [Test worker] DEBUG org.hibernate.type.BasicTypeRegistry - Adding type registration serializable -> org.hibernate.type.SerializableType@5542c4ea
13:12:49.321 [Test worker] DEBUG org.hibernate.type.BasicTypeRegistry - Adding type registration object -> org.hibernate.type.ObjectType@427b2670
13:12:49.321 [Test worker] DEBUG org.hibernate.type.BasicTypeRegistry - Adding type registration java.lang.Object -> org.hibernate.type.ObjectType@427b2670
13:12:49.321 [Test worker] DEBUG org.hibernate.type.BasicTypeRegistry - Adding type registration imm_date -> org.hibernate.type.AdaptedImmutableType@425ac171
13:12:49.321 [Test worker] DEBUG org.hibernate.type.BasicTypeRegistry - Adding type registration imm_time -> org.hibernate.type.AdaptedImmutableType@32fa935c
13:12:49.321 [Test worker] DEBUG org.hibernate.type.BasicTypeRegistry - Adding type registration imm_timestamp -> org.hibernate.type.AdaptedImmutableType@5f6418bf
13:12:49.321 [Test worker] DEBUG org.hibernate.type.BasicTypeRegistry - Adding type registration imm_dbtimestamp -> org.hibernate.type.AdaptedImmutableType@3d3e23b5
13:12:49.321 [Test worker] DEBUG org.hibernate.type.BasicTypeRegistry - Adding type registration imm_calendar -> org.hibernate.type.AdaptedImmutableType@29fb2c2a
13:12:49.321 [Test worker] DEBUG org.hibernate.type.BasicTypeRegistry - Adding type registration imm_calendar_date -> org.hibernate.type.AdaptedImmutableType@4f7d3a3a
13:12:49.321 [Test worker] DEBUG org.hibernate.type.BasicTypeRegistry - Adding type registration imm_binary -> org.hibernate.type.AdaptedImmutableType@30a3628a
13:12:49.321 [Test worker] DEBUG org.hibernate.type.BasicTypeRegistry - Adding type registration imm_serializable -> org.hibernate.type.AdaptedImmutableType@7cccdca0
13:12:49.321 [Test worker] DEBUG o.h.i.f.i.DefaultIdentifierGeneratorFactory - Registering IdentifierGenerator strategy [uuid2] -> [org.hibernate.id.UUIDGenerator]
13:12:49.321 [Test worker] DEBUG o.h.i.f.i.DefaultIdentifierGeneratorFactory - Registering IdentifierGenerator strategy [guid] -> [org.hibernate.id.GUIDGenerator]
13:12:49.321 [Test worker] DEBUG o.h.i.f.i.DefaultIdentifierGeneratorFactory - Registering IdentifierGenerator strategy [uuid] -> [org.hibernate.id.UUIDHexGenerator]
13:12:49.321 [Test worker] DEBUG o.h.i.f.i.DefaultIdentifierGeneratorFactory - Registering IdentifierGenerator strategy [uuid.hex] -> [org.hibernate.id.UUIDHexGenerator]
13:12:49.321 [Test worker] DEBUG o.h.i.f.i.DefaultIdentifierGeneratorFactory - Registering IdentifierGenerator strategy [hilo] -> [org.hibernate.id.TableHiLoGenerator]
13:12:49.321 [Test worker] DEBUG o.h.i.f.i.DefaultIdentifierGeneratorFactory - Registering IdentifierGenerator strategy [assigned] -> [org.hibernate.id.Assigned]
13:12:49.321 [Test worker] DEBUG o.h.i.f.i.DefaultIdentifierGeneratorFactory - Registering IdentifierGenerator strategy [identity] -> [org.hibernate.id.IdentityGenerator]
13:12:49.321 [Test worker] DEBUG o.h.i.f.i.DefaultIdentifierGeneratorFactory - Registering IdentifierGenerator strategy [select] -> [org.hibernate.id.SelectGenerator]
13:12:49.321 [Test worker] DEBUG o.h.i.f.i.DefaultIdentifierGeneratorFactory - Registering IdentifierGenerator strategy [sequence] -> [org.hibernate.id.SequenceGenerator]
13:12:49.321 [Test worker] DEBUG o.h.i.f.i.DefaultIdentifierGeneratorFactory - Registering IdentifierGenerator strategy [seqhilo] -> [org.hibernate.id.SequenceHiLoGenerator]
13:12:49.321 [Test worker] DEBUG o.h.i.f.i.DefaultIdentifierGeneratorFactory - Registering IdentifierGenerator strategy [increment] -> [org.hibernate.id.IncrementGenerator]
13:12:49.321 [Test worker] DEBUG o.h.i.f.i.DefaultIdentifierGeneratorFactory - Registering IdentifierGenerator strategy [foreign] -> [org.hibernate.id.ForeignGenerator]
13:12:49.321 [Test worker] DEBUG o.h.i.f.i.DefaultIdentifierGeneratorFactory - Registering IdentifierGenerator strategy [sequence-identity] -> [org.hibernate.id.SequenceIdentityGenerator]
13:12:49.321 [Test worker] DEBUG o.h.i.f.i.DefaultIdentifierGeneratorFactory - Registering IdentifierGenerator strategy [enhanced-sequence] -> [org.hibernate.id.enhanced.SequenceStyleGenerator]
13:12:49.322 [Test worker] DEBUG o.h.i.f.i.DefaultIdentifierGeneratorFactory - Registering IdentifierGenerator strategy [enhanced-table] -> [org.hibernate.id.enhanced.TableGenerator]
13:12:49.322 [Test worker] DEBUG org.hibernate.cfg.Configuration - Preparing to build session factory with filters : {}
13:12:49.322 [Test worker] DEBUG o.h.e.jdbc.internal.JdbcServicesImpl - Database ->
       name : HSQL Database Engine
    version : 2.3.0
      major : 2
      minor : 3
13:12:49.322 [Test worker] DEBUG o.h.e.jdbc.internal.JdbcServicesImpl - Driver ->
       name : HSQL Database Engine Driver
    version : 2.3.0
      major : 2
      minor : 3
13:12:49.322 [Test worker] DEBUG o.h.e.jdbc.internal.JdbcServicesImpl - JDBC version : 4.0
13:12:49.323 [Test worker] DEBUG o.h.e.j.c.i.StandardRefCursorSupport - Unexpected error trying to gauge level of JDBC REF_CURSOR support : null
13:12:49.324 [Test worker] INFO  org.hibernate.dialect.Dialect - HHH000400: Using dialect: org.hibernate.dialect.HSQLDialect
13:12:49.324 [Test worker] DEBUG org.hibernate.cfg.Configuration - Processing hbm.xml files
13:12:49.324 [Test worker] DEBUG org.hibernate.cfg.Configuration - Process annotated classes
13:12:49.325 [Test worker] DEBUG org.hibernate.cfg.AnnotationBinder - Binding entity from annotated class: com.jpa.advance.example.model.OrderItem
13:12:49.325 [Test worker] DEBUG org.hibernate.cfg.Ejb3Column - Binding column: Ejb3DiscriminatorColumn{logicalColumnName'DTYPE', discriminatorTypeName='string'}
13:12:49.325 [Test worker] DEBUG o.h.cfg.annotations.EntityBinder - Import with entity name OrderItem
13:12:49.325 [Test worker] DEBUG o.h.cfg.annotations.EntityBinder - Bind entity com.jpa.advance.example.model.OrderItem on table order_item
13:12:49.326 [Test worker] DEBUG org.hibernate.cfg.Ejb3Column - Binding column: Ejb3Column{table=org.hibernate.mapping.Table(order_item), mappingColumn=id, insertable=true, updatable=true, unique=false}
13:12:49.326 [Test worker] DEBUG o.h.cfg.annotations.PropertyBinder - MetadataSourceProcessor property id with lazy=false
13:12:49.326 [Test worker] DEBUG o.h.cfg.AbstractPropertyHolder - Attempting to locate auto-apply AttributeConverter for property [com.jpa.advance.example.model.OrderItem:id]
13:12:49.326 [Test worker] DEBUG o.h.c.annotations.SimpleValueBinder - building SimpleValue for id
13:12:49.326 [Test worker] DEBUG o.h.cfg.annotations.PropertyBinder - Building property id
13:12:49.326 [Test worker] DEBUG org.hibernate.cfg.Ejb3Column - Binding column: Ejb3Column{table=org.hibernate.mapping.Table(order_item), mappingColumn=fsn, insertable=true, updatable=true, unique=false}
13:12:49.326 [Test worker] DEBUG o.h.cfg.annotations.PropertyBinder - MetadataSourceProcessor property fsn with lazy=false
13:12:49.326 [Test worker] DEBUG o.h.cfg.AbstractPropertyHolder - Attempting to locate auto-apply AttributeConverter for property [com.jpa.advance.example.model.OrderItem:fsn]
13:12:49.326 [Test worker] DEBUG o.h.c.annotations.SimpleValueBinder - building SimpleValue for fsn
13:12:49.326 [Test worker] DEBUG o.h.cfg.annotations.PropertyBinder - Building property fsn
13:12:49.326 [Test worker] DEBUG org.hibernate.cfg.Ejb3Column - Binding column: Ejb3JoinColumn{logicalColumnName='order_id', referencedColumn='', mappedBy=''}
13:12:49.327 [Test worker] DEBUG org.hibernate.cfg.Ejb3Column - Binding column: Ejb3Column{table=org.hibernate.mapping.Table(order_item), mappingColumn=order, insertable=true, updatable=true, unique=false}
13:12:49.327 [Test worker] DEBUG o.h.cfg.annotations.PropertyBinder - Building property order
13:12:49.327 [Test worker] DEBUG org.hibernate.cfg.Ejb3Column - Binding column: Ejb3Column{table=org.hibernate.mapping.Table(order_item), mappingColumn=quantity, insertable=true, updatable=true, unique=false}
13:12:49.327 [Test worker] DEBUG o.h.cfg.annotations.PropertyBinder - MetadataSourceProcessor property quantity with lazy=false
13:12:49.327 [Test worker] DEBUG o.h.cfg.AbstractPropertyHolder - Attempting to locate auto-apply AttributeConverter for property [com.jpa.advance.example.model.OrderItem:quantity]
13:12:49.327 [Test worker] DEBUG o.h.c.annotations.SimpleValueBinder - building SimpleValue for quantity
13:12:49.327 [Test worker] DEBUG o.h.cfg.annotations.PropertyBinder - Building property quantity
13:12:49.327 [Test worker] DEBUG org.hibernate.cfg.Ejb3Column - Binding column: Ejb3Column{table=org.hibernate.mapping.Table(order_item), mappingColumn=null, insertable=true, updatable=true, unique=false}
13:12:49.327 [Test worker] DEBUG org.hibernate.cfg.Ejb3Column - Binding column: Ejb3Column{table=org.hibernate.mapping.Table(order_item), mappingColumn=element, insertable=true, updatable=true, unique=false}
13:12:49.327 [Test worker] DEBUG org.hibernate.cfg.Ejb3Column - Binding column: Ejb3Column{table=org.hibernate.mapping.Table(order_item), mappingColumn=shipments_key, insertable=true, updatable=true, unique=false}
13:12:49.327 [Test worker] DEBUG org.hibernate.cfg.Ejb3Column - Binding column: Ejb3JoinColumn{logicalColumnName='shipments_KEY', referencedColumn='null', mappedBy='null'}
13:12:49.327 [Test worker] DEBUG org.hibernate.cfg.Ejb3Column - Binding column: Ejb3JoinColumn{logicalColumnName='null', referencedColumn='null', mappedBy='items'}
13:12:49.327 [Test worker] DEBUG org.hibernate.cfg.Ejb3Column - Binding column: Ejb3JoinColumn{logicalColumnName='null', referencedColumn='null', mappedBy='items'}
13:12:49.327 [Test worker] DEBUG o.h.cfg.annotations.CollectionBinder - Collection role: com.jpa.advance.example.model.OrderItem.shipments
13:12:49.327 [Test worker] DEBUG o.h.cfg.annotations.PropertyBinder - Building property shipments
13:12:49.327 [Test worker] DEBUG org.hibernate.cfg.AnnotationBinder - Binding entity from annotated class: com.jpa.advance.example.model.Shipment
13:12:49.328 [Test worker] DEBUG org.hibernate.cfg.Ejb3Column - Binding column: Ejb3DiscriminatorColumn{logicalColumnName'DTYPE', discriminatorTypeName='string'}
13:12:49.328 [Test worker] DEBUG o.h.cfg.annotations.EntityBinder - Import with entity name Shipment
13:12:49.328 [Test worker] DEBUG o.h.cfg.annotations.EntityBinder - Bind entity com.jpa.advance.example.model.Shipment on table shipment
13:12:49.328 [Test worker] DEBUG org.hibernate.cfg.Ejb3Column - Binding column: Ejb3Column{table=org.hibernate.mapping.Table(shipment), mappingColumn=id, insertable=true, updatable=true, unique=false}
13:12:49.328 [Test worker] DEBUG o.h.cfg.annotations.PropertyBinder - MetadataSourceProcessor property id with lazy=false
13:12:49.328 [Test worker] DEBUG o.h.cfg.AbstractPropertyHolder - Attempting to locate auto-apply AttributeConverter for property [com.jpa.advance.example.model.Shipment:id]
13:12:49.329 [Test worker] DEBUG o.h.c.annotations.SimpleValueBinder - building SimpleValue for id
13:12:49.329 [Test worker] DEBUG o.h.cfg.annotations.PropertyBinder - Building property id
13:12:49.329 [Test worker] DEBUG org.hibernate.cfg.Ejb3Column - Binding column: Ejb3Column{table=org.hibernate.mapping.Table(shipment), mappingColumn=null, insertable=true, updatable=true, unique=false}
13:12:49.329 [Test worker] DEBUG org.hibernate.cfg.Ejb3Column - Binding column: Ejb3Column{table=org.hibernate.mapping.Table(shipment), mappingColumn=element, insertable=true, updatable=true, unique=false}
13:12:49.329 [Test worker] DEBUG org.hibernate.cfg.Ejb3Column - Binding column: Ejb3Column{table=org.hibernate.mapping.Table(shipment), mappingColumn=items_key, insertable=true, updatable=true, unique=false}
13:12:49.329 [Test worker] DEBUG org.hibernate.cfg.Ejb3Column - Binding column: Ejb3JoinColumn{logicalColumnName='items_KEY', referencedColumn='null', mappedBy='null'}
13:12:49.329 [Test worker] DEBUG org.hibernate.cfg.Ejb3Column - Binding column: Ejb3JoinColumn{logicalColumnName='shipment', referencedColumn='ID', mappedBy=''}
13:12:49.329 [Test worker] DEBUG org.hibernate.cfg.Ejb3Column - Binding column: Ejb3JoinColumn{logicalColumnName='orderItem', referencedColumn='ID', mappedBy=''}
13:12:49.329 [Test worker] DEBUG o.h.cfg.annotations.CollectionBinder - Collection role: com.jpa.advance.example.model.Shipment.items
13:12:49.329 [Test worker] DEBUG o.h.cfg.annotations.PropertyBinder - Building property items
13:12:49.329 [Test worker] DEBUG org.hibernate.cfg.AnnotationBinder - Binding entity from annotated class: com.jpa.advance.example.model.OrderEntity
13:12:49.329 [Test worker] DEBUG org.hibernate.cfg.Ejb3Column - Binding column: Ejb3DiscriminatorColumn{logicalColumnName'DTYPE', discriminatorTypeName='string'}
13:12:49.329 [Test worker] DEBUG o.h.cfg.annotations.EntityBinder - Import with entity name OrderEntity
13:12:49.330 [Test worker] DEBUG o.h.cfg.annotations.EntityBinder - Bind entity com.jpa.advance.example.model.OrderEntity on table order_entity
13:12:49.331 [Test worker] DEBUG org.hibernate.cfg.Ejb3Column - Binding column: Ejb3Column{table=org.hibernate.mapping.Table(order_entity), mappingColumn=id, insertable=true, updatable=true, unique=false}
13:12:49.331 [Test worker] DEBUG o.h.cfg.annotations.PropertyBinder - MetadataSourceProcessor property id with lazy=false
13:12:49.331 [Test worker] DEBUG o.h.cfg.AbstractPropertyHolder - Attempting to locate auto-apply AttributeConverter for property [com.jpa.advance.example.model.OrderEntity:id]
13:12:49.331 [Test worker] DEBUG o.h.c.annotations.SimpleValueBinder - building SimpleValue for id
13:12:49.331 [Test worker] DEBUG o.h.cfg.annotations.PropertyBinder - Building property id
13:12:49.331 [Test worker] DEBUG org.hibernate.cfg.Ejb3Column - Binding column: Ejb3Column{table=org.hibernate.mapping.Table(order_entity), mappingColumn=created_at, insertable=true, updatable=true, unique=false}
13:12:49.331 [Test worker] DEBUG o.h.cfg.annotations.PropertyBinder - MetadataSourceProcessor property createdAt with lazy=false
13:12:49.331 [Test worker] DEBUG o.h.cfg.AbstractPropertyHolder - Attempting to locate auto-apply AttributeConverter for property [com.jpa.advance.example.model.OrderEntity:createdAt]
13:12:49.331 [Test worker] DEBUG o.h.c.annotations.SimpleValueBinder - building SimpleValue for createdAt
13:12:49.331 [Test worker] DEBUG o.h.cfg.annotations.PropertyBinder - Building property createdAt
13:12:49.331 [Test worker] DEBUG org.hibernate.cfg.Ejb3Column - Binding column: Ejb3Column{table=org.hibernate.mapping.Table(order_entity), mappingColumn=created_by, insertable=true, updatable=true, unique=false}
13:12:49.331 [Test worker] DEBUG o.h.cfg.annotations.PropertyBinder - MetadataSourceProcessor property createdBy with lazy=false
13:12:49.331 [Test worker] DEBUG o.h.cfg.AbstractPropertyHolder - Attempting to locate auto-apply AttributeConverter for property [com.jpa.advance.example.model.OrderEntity:createdBy]
13:12:49.331 [Test worker] DEBUG o.h.c.annotations.SimpleValueBinder - building SimpleValue for createdBy
13:12:49.331 [Test worker] DEBUG o.h.cfg.annotations.PropertyBinder - Building property createdBy
13:12:49.331 [Test worker] DEBUG org.hibernate.cfg.Ejb3Column - Binding column: Ejb3Column{table=org.hibernate.mapping.Table(order_entity), mappingColumn=updated_at, insertable=true, updatable=true, unique=false}
13:12:49.331 [Test worker] DEBUG o.h.cfg.annotations.PropertyBinder - MetadataSourceProcessor property updatedAt with lazy=false
13:12:49.331 [Test worker] DEBUG o.h.cfg.AbstractPropertyHolder - Attempting to locate auto-apply AttributeConverter for property [com.jpa.advance.example.model.OrderEntity:updatedAt]
13:12:49.331 [Test worker] DEBUG o.h.c.annotations.SimpleValueBinder - building SimpleValue for updatedAt
13:12:49.331 [Test worker] DEBUG o.h.cfg.annotations.PropertyBinder - Building property updatedAt
13:12:49.332 [Test worker] DEBUG org.hibernate.cfg.Ejb3Column - Binding column: Ejb3Column{table=org.hibernate.mapping.Table(order_entity), mappingColumn=updated_by, insertable=true, updatable=true, unique=false}
13:12:49.332 [Test worker] DEBUG o.h.cfg.annotations.PropertyBinder - MetadataSourceProcessor property updatedBy with lazy=false
13:12:49.332 [Test worker] DEBUG o.h.cfg.AbstractPropertyHolder - Attempting to locate auto-apply AttributeConverter for property [com.jpa.advance.example.model.OrderEntity:updatedBy]
13:12:49.332 [Test worker] DEBUG o.h.c.annotations.SimpleValueBinder - building SimpleValue for updatedBy
13:12:49.332 [Test worker] DEBUG o.h.cfg.annotations.PropertyBinder - Building property updatedBy
13:12:49.332 [Test worker] DEBUG org.hibernate.cfg.Ejb3Column - Binding column: Ejb3Column{table=org.hibernate.mapping.Table(order_entity), mappingColumn=created, insertable=true, updatable=true, unique=false}
13:12:49.332 [Test worker] DEBUG o.h.cfg.annotations.PropertyBinder - MetadataSourceProcessor property created with lazy=false
13:12:49.332 [Test worker] DEBUG o.h.cfg.AbstractPropertyHolder - Attempting to locate auto-apply AttributeConverter for property [com.jpa.advance.example.model.OrderEntity:created]
13:12:49.332 [Test worker] DEBUG o.h.c.annotations.SimpleValueBinder - building SimpleValue for created
13:12:49.332 [Test worker] DEBUG o.h.cfg.annotations.PropertyBinder - Building property created
13:12:49.332 [Test worker] DEBUG org.hibernate.cfg.Ejb3Column - Binding column: Ejb3Column{table=org.hibernate.mapping.Table(order_entity), mappingColumn=customer_name, insertable=true, updatable=true, unique=false}
13:12:49.332 [Test worker] DEBUG o.h.cfg.annotations.PropertyBinder - MetadataSourceProcessor property customerName with lazy=false
13:12:49.332 [Test worker] DEBUG o.h.cfg.AbstractPropertyHolder - Attempting to locate auto-apply AttributeConverter for property [com.jpa.advance.example.model.OrderEntity:customerName]
13:12:49.332 [Test worker] DEBUG o.h.c.annotations.SimpleValueBinder - building SimpleValue for customerName
13:12:49.332 [Test worker] DEBUG o.h.cfg.annotations.PropertyBinder - Building property customerName
13:12:49.332 [Test worker] DEBUG org.hibernate.cfg.Ejb3Column - Binding column: Ejb3Column{table=org.hibernate.mapping.Table(order_entity), mappingColumn=external_order_id, insertable=true, updatable=true, unique=false}
13:12:49.332 [Test worker] DEBUG o.h.cfg.annotations.PropertyBinder - MetadataSourceProcessor property externalOrderId with lazy=false
13:12:49.332 [Test worker] DEBUG o.h.cfg.AbstractPropertyHolder - Attempting to locate auto-apply AttributeConverter for property [com.jpa.advance.example.model.OrderEntity:externalOrderId]
13:12:49.332 [Test worker] DEBUG o.h.c.annotations.SimpleValueBinder - building SimpleValue for externalOrderId
13:12:49.332 [Test worker] DEBUG o.h.cfg.annotations.PropertyBinder - Building property externalOrderId
13:12:49.332 [Test worker] DEBUG org.hibernate.cfg.Ejb3Column - Binding column: Ejb3JoinColumn{logicalColumnName='order_id', referencedColumn='', mappedBy=''}
13:12:49.333 [Test worker] DEBUG org.hibernate.cfg.Ejb3Column - Binding column: Ejb3Column{table=org.hibernate.mapping.Table(order_entity), mappingColumn=history, insertable=true, updatable=true, unique=false}
13:12:49.333 [Test worker] DEBUG org.hibernate.cfg.Ejb3Column - Binding column: Ejb3Column{table=org.hibernate.mapping.Table(order_entity), mappingColumn=null, insertable=true, updatable=true, unique=false}
13:12:49.333 [Test worker] DEBUG org.hibernate.cfg.Ejb3Column - Binding column: Ejb3Column{table=org.hibernate.mapping.Table(order_entity), mappingColumn=element, insertable=true, updatable=true, unique=false}
13:12:49.333 [Test worker] DEBUG org.hibernate.cfg.Ejb3Column - Binding column: Ejb3Column{table=org.hibernate.mapping.Table(order_entity), mappingColumn=history_key, insertable=true, updatable=true, unique=false}
13:12:49.333 [Test worker] DEBUG org.hibernate.cfg.Ejb3Column - Binding column: Ejb3JoinColumn{logicalColumnName='history_KEY', referencedColumn='null', mappedBy='null'}
13:12:49.333 [Test worker] DEBUG org.hibernate.cfg.Ejb3Column - Binding column: Ejb3JoinColumn{logicalColumnName='null', referencedColumn='null', mappedBy=''}
13:12:49.333 [Test worker] DEBUG org.hibernate.cfg.Ejb3Column - Binding column: Ejb3JoinColumn{logicalColumnName='null', referencedColumn='null', mappedBy=''}
13:12:49.333 [Test worker] DEBUG o.h.cfg.annotations.CollectionBinder - Collection role: com.jpa.advance.example.model.OrderEntity.history
13:12:49.333 [Test worker] DEBUG o.h.cfg.annotations.PropertyBinder - Building property history
13:12:49.333 [Test worker] DEBUG org.hibernate.cfg.Ejb3Column - Binding column: Ejb3JoinColumn{logicalColumnName='order_id', referencedColumn='', mappedBy=''}
13:12:49.333 [Test worker] DEBUG org.hibernate.cfg.Ejb3Column - Binding column: Ejb3Column{table=org.hibernate.mapping.Table(order_entity), mappingColumn=items, insertable=true, updatable=true, unique=false}
13:12:49.333 [Test worker] DEBUG org.hibernate.cfg.Ejb3Column - Binding column: Ejb3Column{table=org.hibernate.mapping.Table(order_entity), mappingColumn=null, insertable=true, updatable=true, unique=false}
13:12:49.333 [Test worker] DEBUG org.hibernate.cfg.Ejb3Column - Binding column: Ejb3Column{table=org.hibernate.mapping.Table(order_entity), mappingColumn=element, insertable=true, updatable=true, unique=false}
13:12:49.333 [Test worker] DEBUG org.hibernate.cfg.Ejb3Column - Binding column: Ejb3Column{table=org.hibernate.mapping.Table(order_entity), mappingColumn=items_key, insertable=true, updatable=true, unique=false}
13:12:49.333 [Test worker] DEBUG org.hibernate.cfg.Ejb3Column - Binding column: Ejb3JoinColumn{logicalColumnName='items_KEY', referencedColumn='null', mappedBy='null'}
13:12:49.333 [Test worker] DEBUG org.hibernate.cfg.Ejb3Column - Binding column: Ejb3JoinColumn{logicalColumnName='null', referencedColumn='null', mappedBy=''}
13:12:49.333 [Test worker] DEBUG org.hibernate.cfg.Ejb3Column - Binding column: Ejb3JoinColumn{logicalColumnName='null', referencedColumn='null', mappedBy=''}
13:12:49.333 [Test worker] DEBUG o.h.cfg.annotations.CollectionBinder - Collection role: com.jpa.advance.example.model.OrderEntity.items
13:12:49.333 [Test worker] DEBUG o.h.cfg.annotations.PropertyBinder - Building property items
13:12:49.334 [Test worker] DEBUG org.hibernate.cfg.Ejb3Column - Binding column: Ejb3Column{table=org.hibernate.mapping.Table(order_entity), mappingColumn=order_value, insertable=true, updatable=true, unique=false}
13:12:49.334 [Test worker] DEBUG o.h.cfg.annotations.PropertyBinder - MetadataSourceProcessor property orderValue with lazy=false
13:12:49.334 [Test worker] DEBUG o.h.cfg.AbstractPropertyHolder - Attempting to locate auto-apply AttributeConverter for property [com.jpa.advance.example.model.OrderEntity:orderValue]
13:12:49.334 [Test worker] DEBUG o.h.c.annotations.SimpleValueBinder - building SimpleValue for orderValue
13:12:49.334 [Test worker] DEBUG o.h.cfg.annotations.PropertyBinder - Building property orderValue
13:12:49.334 [Test worker] DEBUG org.hibernate.cfg.Ejb3Column - Binding column: Ejb3Column{table=org.hibernate.mapping.Table(order_entity), mappingColumn=status, insertable=true, updatable=true, unique=false}
13:12:49.334 [Test worker] DEBUG o.h.cfg.annotations.PropertyBinder - MetadataSourceProcessor property status with lazy=false
13:12:49.334 [Test worker] DEBUG o.h.cfg.AbstractPropertyHolder - Attempting to locate auto-apply AttributeConverter for property [com.jpa.advance.example.model.OrderEntity:status]
13:12:49.334 [Test worker] DEBUG o.h.c.annotations.SimpleValueBinder - building SimpleValue for status
13:12:49.334 [Test worker] DEBUG o.h.cfg.annotations.PropertyBinder - Building property status
13:12:49.334 [Test worker] DEBUG org.hibernate.cfg.Ejb3Column - Binding column: Ejb3Column{table=org.hibernate.mapping.Table(order_entity), mappingColumn=updated, insertable=true, updatable=true, unique=false}
13:12:49.334 [Test worker] DEBUG o.h.cfg.annotations.PropertyBinder - MetadataSourceProcessor property updated with lazy=false
13:12:49.334 [Test worker] DEBUG o.h.cfg.AbstractPropertyHolder - Attempting to locate auto-apply AttributeConverter for property [com.jpa.advance.example.model.OrderEntity:updated]
13:12:49.334 [Test worker] DEBUG o.h.c.annotations.SimpleValueBinder - building SimpleValue for updated
13:12:49.334 [Test worker] DEBUG o.h.cfg.annotations.PropertyBinder - Building property updated
13:12:49.334 [Test worker] DEBUG org.hibernate.cfg.Ejb3Column - Binding column: Ejb3Column{table=org.hibernate.mapping.Table(order_entity), mappingColumn=version, insertable=true, updatable=true, unique=false}
13:12:49.334 [Test worker] DEBUG o.h.cfg.annotations.PropertyBinder - MetadataSourceProcessor property version with lazy=false
13:12:49.334 [Test worker] DEBUG o.h.cfg.AbstractPropertyHolder - Attempting to locate auto-apply AttributeConverter for property [com.jpa.advance.example.model.OrderEntity:version]
13:12:49.334 [Test worker] DEBUG o.h.c.annotations.SimpleValueBinder - building SimpleValue for version
13:12:49.334 [Test worker] DEBUG o.h.cfg.annotations.PropertyBinder - Building property version
13:12:49.334 [Test worker] DEBUG org.hibernate.cfg.AnnotationBinder - Binding entity from annotated class: com.jpa.advance.example.model.OrderHistory
13:12:49.334 [Test worker] DEBUG org.hibernate.cfg.Ejb3Column - Binding column: Ejb3DiscriminatorColumn{logicalColumnName'DTYPE', discriminatorTypeName='string'}
13:12:49.335 [Test worker] DEBUG o.h.cfg.annotations.EntityBinder - Import with entity name OrderHistory
13:12:49.335 [Test worker] DEBUG o.h.cfg.annotations.EntityBinder - Bind entity com.jpa.advance.example.model.OrderHistory on table order_history
13:12:49.335 [Test worker] DEBUG org.hibernate.cfg.Ejb3Column - Binding column: Ejb3Column{table=org.hibernate.mapping.Table(order_history), mappingColumn=id, insertable=true, updatable=true, unique=false}
13:12:49.335 [Test worker] DEBUG o.h.cfg.annotations.PropertyBinder - MetadataSourceProcessor property id with lazy=false
13:12:49.335 [Test worker] DEBUG o.h.cfg.AbstractPropertyHolder - Attempting to locate auto-apply AttributeConverter for property [com.jpa.advance.example.model.OrderHistory:id]
13:12:49.335 [Test worker] DEBUG o.h.c.annotations.SimpleValueBinder - building SimpleValue for id
13:12:49.335 [Test worker] DEBUG o.h.cfg.annotations.PropertyBinder - Building property id
13:12:49.335 [Test worker] DEBUG org.hibernate.cfg.Ejb3Column - Binding column: Ejb3Column{table=org.hibernate.mapping.Table(order_history), mappingColumn=change_date, insertable=true, updatable=true, unique=false}
13:12:49.335 [Test worker] DEBUG o.h.cfg.annotations.PropertyBinder - MetadataSourceProcessor property changeDate with lazy=false
13:12:49.335 [Test worker] DEBUG o.h.cfg.AbstractPropertyHolder - Attempting to locate auto-apply AttributeConverter for property [com.jpa.advance.example.model.OrderHistory:changeDate]
13:12:49.336 [Test worker] DEBUG o.h.c.annotations.SimpleValueBinder - building SimpleValue for changeDate
13:12:49.336 [Test worker] DEBUG o.h.cfg.annotations.PropertyBinder - Building property changeDate
13:12:49.336 [Test worker] DEBUG org.hibernate.cfg.Ejb3Column - Binding column: Ejb3Column{table=org.hibernate.mapping.Table(order_history), mappingColumn=from_status, insertable=true, updatable=true, unique=false}
13:12:49.336 [Test worker] DEBUG o.h.cfg.annotations.PropertyBinder - MetadataSourceProcessor property fromStatus with lazy=false
13:12:49.336 [Test worker] DEBUG o.h.cfg.AbstractPropertyHolder - Attempting to locate auto-apply AttributeConverter for property [com.jpa.advance.example.model.OrderHistory:fromStatus]
13:12:49.336 [Test worker] DEBUG o.h.c.annotations.SimpleValueBinder - building SimpleValue for fromStatus
13:12:49.336 [Test worker] DEBUG o.h.cfg.annotations.PropertyBinder - Building property fromStatus
13:12:49.336 [Test worker] DEBUG org.hibernate.cfg.Ejb3Column - Binding column: Ejb3Column{table=org.hibernate.mapping.Table(order_history), mappingColumn=to_status, insertable=true, updatable=true, unique=false}
13:12:49.336 [Test worker] DEBUG o.h.cfg.annotations.PropertyBinder - MetadataSourceProcessor property toStatus with lazy=false
13:12:49.336 [Test worker] DEBUG o.h.cfg.AbstractPropertyHolder - Attempting to locate auto-apply AttributeConverter for property [com.jpa.advance.example.model.OrderHistory:toStatus]
13:12:49.336 [Test worker] DEBUG o.h.c.annotations.SimpleValueBinder - building SimpleValue for toStatus
13:12:49.336 [Test worker] DEBUG o.h.cfg.annotations.PropertyBinder - Building property toStatus
13:12:49.336 [Test worker] DEBUG o.h.c.annotations.SimpleValueBinder - Starting fillSimpleValue for id
13:12:49.336 [Test worker] DEBUG o.h.c.annotations.SimpleValueBinder - Starting fillSimpleValue for fsn
13:12:49.336 [Test worker] DEBUG o.h.c.annotations.SimpleValueBinder - Starting fillSimpleValue for quantity
13:12:49.336 [Test worker] DEBUG o.h.c.annotations.SimpleValueBinder - Starting fillSimpleValue for id
13:12:49.336 [Test worker] DEBUG o.h.c.annotations.SimpleValueBinder - Starting fillSimpleValue for id
13:12:49.336 [Test worker] DEBUG o.h.c.annotations.SimpleValueBinder - Starting fillSimpleValue for createdAt
13:12:49.336 [Test worker] DEBUG o.h.c.annotations.SimpleValueBinder - Starting fillSimpleValue for createdBy
13:12:49.336 [Test worker] DEBUG o.h.c.annotations.SimpleValueBinder - Starting fillSimpleValue for updatedAt
13:12:49.336 [Test worker] DEBUG o.h.c.annotations.SimpleValueBinder - Starting fillSimpleValue for updatedBy
13:12:49.336 [Test worker] DEBUG o.h.c.annotations.SimpleValueBinder - Starting fillSimpleValue for created
13:12:49.336 [Test worker] DEBUG o.h.c.annotations.SimpleValueBinder - Starting fillSimpleValue for customerName
13:12:49.336 [Test worker] DEBUG o.h.c.annotations.SimpleValueBinder - Starting fillSimpleValue for externalOrderId
13:12:49.336 [Test worker] DEBUG o.h.c.annotations.SimpleValueBinder - Starting fillSimpleValue for orderValue
13:12:49.336 [Test worker] DEBUG o.h.c.annotations.SimpleValueBinder - Starting fillSimpleValue for status
13:12:49.336 [Test worker] DEBUG o.h.c.annotations.SimpleValueBinder - Starting fillSimpleValue for updated
13:12:49.336 [Test worker] DEBUG o.h.c.annotations.SimpleValueBinder - Starting fillSimpleValue for version
13:12:49.336 [Test worker] DEBUG o.h.c.annotations.SimpleValueBinder - Starting fillSimpleValue for id
13:12:49.336 [Test worker] DEBUG o.h.c.annotations.SimpleValueBinder - Starting fillSimpleValue for changeDate
13:12:49.336 [Test worker] DEBUG o.h.c.annotations.SimpleValueBinder - Starting fillSimpleValue for fromStatus
13:12:49.336 [Test worker] DEBUG o.h.c.annotations.SimpleValueBinder - Starting fillSimpleValue for toStatus
13:12:49.336 [Test worker] DEBUG org.hibernate.cfg.Configuration - Processing fk mappings (*ToOne and JoinedSubclass)
13:12:49.337 [Test worker] DEBUG org.hibernate.cfg.Configuration - Processing extends queue
13:12:49.337 [Test worker] DEBUG org.hibernate.cfg.Configuration - Processing extends queue
13:12:49.337 [Test worker] DEBUG org.hibernate.cfg.Configuration - Processing collection mappings
13:12:49.337 [Test worker] DEBUG o.hibernate.cfg.CollectionSecondPass - Second pass for collection: com.jpa.advance.example.model.OrderEntity.items
13:12:49.337 [Test worker] DEBUG o.h.cfg.annotations.CollectionBinder - Binding a OneToMany: com.jpa.advance.example.model.OrderEntity.items through a foreign key
13:12:49.337 [Test worker] DEBUG o.h.cfg.annotations.CollectionBinder - Mapping collection: com.jpa.advance.example.model.OrderEntity.items -> order_item
13:12:49.337 [Test worker] DEBUG o.hibernate.cfg.CollectionSecondPass - Mapped collection key: order_id, one-to-many: com.jpa.advance.example.model.OrderItem
13:12:49.337 [Test worker] DEBUG o.hibernate.cfg.CollectionSecondPass - Second pass for collection: com.jpa.advance.example.model.OrderEntity.history
13:12:49.337 [Test worker] DEBUG o.h.cfg.annotations.CollectionBinder - Binding a OneToMany: com.jpa.advance.example.model.OrderEntity.history through a foreign key
13:12:49.337 [Test worker] DEBUG o.h.cfg.annotations.CollectionBinder - Mapping collection: com.jpa.advance.example.model.OrderEntity.history -> order_history
13:12:49.337 [Test worker] DEBUG o.hibernate.cfg.CollectionSecondPass - Mapped collection key: order_id, one-to-many: com.jpa.advance.example.model.OrderHistory
13:12:49.337 [Test worker] DEBUG o.hibernate.cfg.CollectionSecondPass - Second pass for collection: com.jpa.advance.example.model.Shipment.items
13:12:49.337 [Test worker] DEBUG o.h.cfg.annotations.CollectionBinder - Binding as ManyToMany: com.jpa.advance.example.model.Shipment.items
13:12:49.338 [Test worker] DEBUG o.hibernate.cfg.CollectionSecondPass - Mapped collection key: shipment, element: order_item
13:12:49.338 [Test worker] DEBUG o.hibernate.cfg.CollectionSecondPass - Second pass for collection: com.jpa.advance.example.model.OrderItem.shipments
13:12:49.338 [Test worker] DEBUG o.h.cfg.annotations.CollectionBinder - Binding as ManyToMany: com.jpa.advance.example.model.OrderItem.shipments
13:12:49.338 [Test worker] DEBUG o.h.cfg.annotations.TableBinder - Retrieving property com.jpa.advance.example.model.Shipment.items
13:12:49.338 [Test worker] DEBUG o.hibernate.cfg.CollectionSecondPass - Mapped collection key: order_item, element: shipment
13:12:49.338 [Test worker] DEBUG org.hibernate.cfg.Configuration - Processing native query and ResultSetMapping mappings
13:12:49.338 [Test worker] DEBUG org.hibernate.cfg.Configuration - Processing association property references
13:12:49.338 [Test worker] DEBUG org.hibernate.cfg.Configuration - Creating tables' unique integer identifiers
13:12:49.338 [Test worker] DEBUG org.hibernate.cfg.Configuration - Processing foreign key constraints
13:12:49.338 [Test worker] DEBUG org.hibernate.cfg.Configuration - Resolving reference to class: com.jpa.advance.example.model.OrderEntity
13:12:49.338 [Test worker] DEBUG org.hibernate.cfg.Configuration - Resolving reference to class: com.jpa.advance.example.model.OrderEntity
13:12:49.338 [Test worker] DEBUG org.hibernate.cfg.Configuration - Resolving reference to class: com.jpa.advance.example.model.OrderItem
13:12:49.338 [Test worker] DEBUG org.hibernate.cfg.Configuration - Resolving reference to class: com.jpa.advance.example.model.Shipment
13:12:49.338 [Test worker] DEBUG o.h.e.t.j.p.i.JtaPlatformInitiator - No JtaPlatform was specified, checking resolver
13:12:49.338 [Test worker] DEBUG o.h.e.t.j.p.i.JtaPlatformResolverInitiator - No JtaPlatformResolver was specified, using default [org.hibernate.engine.transaction.jta.platform.internal.StandardJtaPlatformResolver]
13:12:49.340 [Test worker] DEBUG o.h.e.t.j.p.i.StandardJtaPlatformResolver - Could not resolve JtaPlatform, using default [org.hibernate.engine.transaction.jta.platform.internal.NoJtaPlatform]
13:12:49.340 [Test worker] DEBUG org.hibernate.cfg.SettingsFactory - Automatic flush during beforeCompletion(): disabled
13:12:49.340 [Test worker] DEBUG org.hibernate.cfg.SettingsFactory - Automatic session close at end of transaction: disabled
13:12:49.340 [Test worker] DEBUG org.hibernate.cfg.SettingsFactory - JDBC batch size: 15
13:12:49.340 [Test worker] DEBUG org.hibernate.cfg.SettingsFactory - JDBC batch updates for versioned data: disabled
13:12:49.340 [Test worker] DEBUG org.hibernate.cfg.SettingsFactory - Scrollable result sets: enabled
13:12:49.340 [Test worker] DEBUG org.hibernate.cfg.SettingsFactory - Wrap result sets: disabled
13:12:49.340 [Test worker] DEBUG org.hibernate.cfg.SettingsFactory - JDBC3 getGeneratedKeys(): enabled
13:12:49.340 [Test worker] DEBUG org.hibernate.cfg.SettingsFactory - multi-tenancy strategy : NONE
13:12:49.340 [Test worker] DEBUG org.hibernate.cfg.SettingsFactory - Connection release mode: auto
13:12:49.340 [Test worker] DEBUG org.hibernate.cfg.SettingsFactory - Using BatchFetchStyle : LEGACY
13:12:49.340 [Test worker] DEBUG org.hibernate.cfg.SettingsFactory - Default batch fetch size: 1
13:12:49.340 [Test worker] DEBUG org.hibernate.cfg.SettingsFactory - Generate SQL with comments: disabled
13:12:49.340 [Test worker] DEBUG org.hibernate.cfg.SettingsFactory - Order SQL updates by primary key: disabled
13:12:49.340 [Test worker] DEBUG org.hibernate.cfg.SettingsFactory - Order SQL inserts for batching: disabled
13:12:49.340 [Test worker] DEBUG org.hibernate.cfg.SettingsFactory - Default null ordering: none
13:12:49.340 [Test worker] DEBUG org.hibernate.cfg.SettingsFactory - Query translator: org.hibernate.hql.internal.ast.ASTQueryTranslatorFactory
13:12:49.340 [Test worker] INFO  o.h.h.i.a.ASTQueryTranslatorFactory - HHH000397: Using ASTQueryTranslatorFactory
13:12:49.340 [Test worker] DEBUG org.hibernate.cfg.SettingsFactory - Query language substitutions: {}
13:12:49.340 [Test worker] DEBUG org.hibernate.cfg.SettingsFactory - JPA-QL strict compliance: disabled
13:12:49.340 [Test worker] DEBUG org.hibernate.cfg.SettingsFactory - Second-level cache: enabled
13:12:49.340 [Test worker] DEBUG org.hibernate.cfg.SettingsFactory - Query cache: disabled
13:12:49.341 [Test worker] DEBUG o.h.c.i.RegionFactoryInitiator - Cache region factory : org.hibernate.cache.internal.NoCachingRegionFactory
13:12:49.341 [Test worker] DEBUG org.hibernate.cfg.SettingsFactory - Optimize cache for minimal puts: disabled
13:12:49.341 [Test worker] DEBUG org.hibernate.cfg.SettingsFactory - Structured second-level cache entries: disabled
13:12:49.341 [Test worker] DEBUG org.hibernate.cfg.SettingsFactory - Second-level cache direct-reference entries: disabled
13:12:49.341 [Test worker] DEBUG org.hibernate.cfg.SettingsFactory - Automatic eviction of collection cache: disabled
13:12:49.341 [Test worker] DEBUG org.hibernate.cfg.SettingsFactory - Statistics: disabled
13:12:49.341 [Test worker] DEBUG org.hibernate.cfg.SettingsFactory - Deleted entity synthetic identifier rollback: disabled
13:12:49.341 [Test worker] DEBUG org.hibernate.cfg.SettingsFactory - Default entity-mode: pojo
13:12:49.341 [Test worker] DEBUG org.hibernate.cfg.SettingsFactory - Named query checking : enabled
13:12:49.341 [Test worker] DEBUG org.hibernate.cfg.SettingsFactory - Check Nullability in Core (should be disabled when Bean Validation is on): enabled
13:12:49.341 [Test worker] DEBUG org.hibernate.cfg.SettingsFactory - Allow initialization of lazy state outside session : : disabled
13:12:49.341 [Test worker] DEBUG org.hibernate.cfg.SettingsFactory - JTA Track by Thread: enabled
13:12:49.341 [Test worker] DEBUG o.h.internal.SessionFactoryImpl - Building session factory
13:12:49.341 [Test worker] DEBUG o.h.internal.SessionFactoryImpl - Session factory constructed with filter configurations : {}
13:12:49.341 [Test worker] DEBUG o.h.internal.SessionFactoryImpl - Instantiating session factory with properties: {java.runtime.name=Java(TM) SE Runtime Environment, sun.boot.library.path=/Library/Java/JavaVirtualMachines/jdk1.8.0_25.jdk/Contents/Home/jre/lib, java.vm.version=25.25-b02, gopherProxySet=false, java.vm.vendor=Oracle Corporation, java.vendor.url=http://java.oracle.com/, path.separator=:, java.vm.name=Java HotSpot(TM) 64-Bit Server VM, file.encoding.pkg=sun.io, user.country=US, sun.java.launcher=SUN_STANDARD, sun.os.patch.level=unknown, hibernate.ejb.naming_strategy=org.hibernate.cfg.ImprovedNamingStrategy@4c3f002a, java.vm.specification.name=Java Virtual Machine Specification, user.dir=/Users/adarsh.singh/code/db_access/jpa_advance, javax.persistence.sharedCache.mode=UNSPECIFIED, java.runtime.version=1.8.0_25-b17, java.awt.graphicsenv=sun.awt.CGraphicsEnvironment, java.endorsed.dirs=/Library/Java/JavaVirtualMachines/jdk1.8.0_25.jdk/Contents/Home/jre/lib/endorsed, os.arch=x86_64, java.io.tmpdir=/var/folders/3c/nk34j01506ld75p22y4gld20dkp8ck/T/, line.separator=
, java.vm.specification.vendor=Oracle Corporation, user.variant=, os.name=Mac OS X, sun.jnu.encoding=UTF-8, java.library.path=/Users/adarsh.singh/Library/Java/Extensions:/Library/Java/Extensions:/Network/Library/Java/Extensions:/System/Library/Java/Extensions:/usr/lib/java:., hibernate.ejb.persistenceUnitName=default, java.specification.name=Java Platform API Specification, java.class.version=52.0, sun.management.compiler=HotSpot 64-Bit Tiered Compilers, os.version=10.10.4, http.nonProxyHosts=local|*.local|169.254/16|*.169.254/16, user.home=/Users/adarsh.singh, user.timezone=Asia/Kolkata, java.awt.printerjob=sun.lwawt.macosx.CPrinterJob, java.specification.version=1.8, file.encoding=UTF-8, javax.persistence.nonJtaDataSource=com.yammer.dropwizard.db.ManagedPooledDataSource@a9e2367, user.name=adarsh.singh, java.class.path=/Users/adarsh.singh/code/db_access/jpa_advance/build/classes/test:/Users/adarsh.singh/code/db_access/jpa_advance/build/resources/test:/Users/adarsh.singh/code/db_access/jpa_advance/build/classes/main:/Users/adarsh.singh/.gradle/caches/modules-2/files-2.1/org.springframework/spring-expression/4.0.6.RELEASE/5f0a135b8cf290aa244097dc6264ad0989d25c56/spring-expression-4.0.6.RELEASE.jar:/Users/adarsh.singh/.gradle/caches/modules-2/files-2.1/org.projectlombok/lombok/1.16.8/2ce9de13f277ec1600e7e04231477e3e5f59d317/lombok-1.16.8.jar:/Users/adarsh.singh/.gradle/caches/modules-2/files-2.1/org.springframework/spring-jdbc/4.0.6.RELEASE/28fa5e60c3d68132d83d9c1e7d9fccebb83c9104/spring-jdbc-4.0.6.RELEASE.jar:/Users/adarsh.singh/.gradle/caches/modules-2/files-2.1/mysql/mysql-connector-java/5.1.38/dbbd7cd309ce167ec8367de4e41c63c2c8593cc5/mysql-connector-java-5.1.38.jar:/Users/adarsh.singh/.gradle/caches/modules-2/files-2.1/com.sun.jersey.jersey-test-framework/jersey-test-framework-core/1.17.1/cb0412982db5e498271f0f64b200511168da3c67/jersey-test-framework-core-1.17.1.jar:/Users/adarsh.singh/.gradle/caches/modules-2/files-2.1/org.hibernate/hibernate-entitymanager/4.3.0.Final/8a2ae6e8638b4eb4cbf3f3adfc4c03e5de831d93/hibernate-entitymanager-4.3.0.Final.jar:/Users/adarsh.singh/.gradle/caches/modules-2/files-2.1/com.google.guava/guava/15.0/ed727a8d9f247e2050281cb083f1c77b09dcb5cd/guava-15.0.jar:/Users/adarsh.singh/.gradle/caches/modules-2/files-2.1/org.springframework/spring-tx/4.0.6.RELEASE/6b4ed868e07d58f2cf15bcd7958acd86fd4f3da4/spring-tx-4.0.6.RELEASE.jar:/Users/adarsh.singh/.gradle/caches/modules-2/files-2.1/joda-time/joda-time/2.3/56498efd17752898cfcc3868c1b6211a07b12b8f/joda-time-2.3.jar:/Users/adarsh.singh/.gradle/caches/modules-2/files-2.1/javax.validation/validation-api/1.0.0.GA/b6bd7f9d78f6fdaa3c37dae18a4bd298915f328e/validation-api-1.0.0.GA.jar:/Users/adarsh.singh/.gradle/caches/modules-2/files-2.1/fk.sp.common/common-extensions/0.5.6/56752898b4eec59308273a579bbefc562d22430d/common-extensions-0.5.6.jar:/Users/adarsh.singh/.gradle/caches/modules-2/files-2.1/fk.sp.common/spring-jpa/0.5.6/b7b4749077e8504f7cd7778326175665fb0e37a7/spring-jpa-0.5.6.jar:/Users/adarsh.singh/.gradle/caches/modules-2/files-2.1/junit/junit/4.11/4e031bb61df09069aeb2bffb4019e7a5034a4ee0/junit-4.11.jar:/Users/adarsh.singh/.gradle/caches/modules-2/files-2.1/org.hsqldb/hsqldb/2.3.1/bd7153caa30958e1c64a3dd38b93e5a7442d9a0e/hsqldb-2.3.1.jar:/Users/adarsh.singh/.gradle/caches/modules-2/files-2.1/com.yammer.dropwizard/dropwizard-testing/0.6.2/e3fa842a434528c416ff536b72087efd97e7e1f7/dropwizard-testing-0.6.2.jar:/Users/adarsh.singh/.gradle/caches/modules-2/files-2.1/fk.sp.common/common-test-extensions/0.5.6/2370b2e2e787dbbdbd5342e80bf93d54696a3b8a/common-test-extensions-0.5.6.jar:/Users/adarsh.singh/.gradle/caches/modules-2/files-2.1/org.jukito/jukito/1.3/92cc9f2ec05bd16a8070c19173d41bdaac1eccb6/jukito-1.3.jar:/Users/adarsh.singh/.gradle/caches/modules-2/files-2.1/org.jboss.logging/jboss-logging/3.1.3.GA/64499e907f19e5e1b3fdc02f81440c1832fe3545/jboss-logging-3.1.3.GA.jar:/Users/adarsh.singh/.gradle/caches/modules-2/files-2.1/com.sun.jersey.jersey-test-framework/jersey-test-framework-inmemory/1.17.1/b378f6c5cd8f4433983e1496e8678c71d39b33a0/jersey-test-framework-inmemory-1.17.1.jar:/Users/adarsh.singh/.gradle/caches/modules-2/files-2.1/javax.servlet/javax.servlet-api/3.0.1/6bf0ebb7efd993e222fc1112377b5e92a13b38dd/javax.servlet-api-3.0.1.jar:/Users/adarsh.singh/.gradle/caches/modules-2/files-2.1/org.easytesting/fest-util/1.2.5/c4a8d7305b23b8d043be12c979813b096df11f44/fest-util-1.2.5.jar:/Users/adarsh.singh/.gradle/caches/modules-2/files-2.1/org.objenesis/objenesis/1.0/9b473564e792c2bdf1449da1f0b1b5bff9805704/objenesis-1.0.jar:/Users/adarsh.singh/.gradle/caches/modules-2/files-2.1/aopalliance/aopalliance/1.0/235ba8b489512805ac13a8f9ea77a1ca5ebe3e8/aopalliance-1.0.jar:/Users/adarsh.singh/.gradle/caches/modules-2/files-2.1/org.jboss.logging/jboss-logging-annotations/1.2.0.Beta1/2f437f37bb265d9f8f1392823dbca12d2bec06d6/jboss-logging-annotations-1.2.0.Beta1.jar:/Users/adarsh.singh/.gradle/caches/modules-2/files-2.1/org.sonatype.sisu.inject/cglib/2.2.1-v20090111/7ce5e983fd0e6c78346f4c9cbfa39d83049dda2/cglib-2.2.1-v20090111.jar:/Users/adarsh.singh/.gradle/caches/modules-2/files-2.1/org.mockito/mockito-all/1.9.5/79a8984096fc6591c1e3690e07d41be506356fa5/mockito-all-1.9.5.jar:/Users/adarsh.singh/.gradle/caches/modules-2/files-2.1/commons-pool/commons-pool/1.5.6/16390e2d74df4ab08c06a85d42a74a951dc93ad7/commons-pool-1.5.6.jar:/Users/adarsh.singh/.gradle/caches/modules-2/files-2.1/spy/spymemcached/2.7.3/1ae59770f332d7f560a3f2894a4f14d9c3c38d62/spymemcached-2.7.3.jar:/Users/adarsh.singh/.gradle/caches/modules-2/files-2.1/org.easytesting/fest-assert-core/2.0M10/cb7c91cf614901928ae405f19d9bcdedf82781db/fest-assert-core-2.0M10.jar:/Users/adarsh.singh/.gradle/caches/modules-2/files-2.1/org.hibernate/hibernate-core/4.3.0.Final/bc072796a1658083c535e19fda2f6c48927f5820/hibernate-core-4.3.0.Final.jar:/Users/adarsh.singh/.gradle/caches/modules-2/files-2.1/javassist/javassist/3.12.1.GA/526633327faa61aee448a519e8a4d53ec3057885/javassist-3.12.1.GA.jar:/Users/adarsh.singh/.gradle/caches/modules-2/files-2.1/com.yammer.metrics/metrics-annotation/2.2.0/62962b54c490a95c0bb255fa93b0ddd6cc36dd4b/metrics-annotation-2.2.0.jar:/Users/adarsh.singh/.gradle/caches/modules-2/files-2.1/org.mockito/mockito-core/1.9.5/c3264abeea62c4d2f367e21484fbb40c7e256393/mockito-core-1.9.5.jar:/Users/adarsh.singh/.gradle/caches/modules-2/files-2.1/dom4j/dom4j/1.6.1/5d3ccc056b6f056dbf0dddfdf43894b9065a8f94/dom4j-1.6.1.jar:/Users/adarsh.singh/.gradle/caches/modules-2/files-2.1/com.fasterxml.jackson.module/jackson-module-jaxb-annotations/2.1.4/46429d5878ff46151e63a7389c97828760527672/jackson-module-jaxb-annotations-2.1.4.jar:/Users/adarsh.singh/.gradle/caches/modules-2/files-2.1/org.eclipse.jetty/jetty-security/8.1.10.v20130312/a386e7f0a8b9157b99a2f29a6deac61e007a2b9b/jetty-security-8.1.10.v20130312.jar:/Users/adarsh.singh/.gradle/caches/modules-2/files-2.1/com.google.inject/guice/3.0/9d84f15fe35e2c716a02979fb62f50a29f38aefa/guice-3.0.jar:/Users/adarsh.singh/.gradle/caches/modules-2/files-2.1/org.eclipse.jetty/jetty-io/8.1.10.v20130312/e829c768f2b9de5d9fae3bc0aba3996bd0344f56/jetty-io-8.1.10.v20130312.jar:/Users/adarsh.singh/.gradle/caches/modules-2/files-2.1/org.hibernate.common/hibernate-commons-annotations/4.0.4.Final/f1af75eca4e13ac0578750a497159695feceebfc/hibernate-commons-annotations-4.0.4.Final.jar:/Users/adarsh.singh/.gradle/caches/modules-2/files-2.1/commons-configuration/commons-configuration/1.8/6cce40435bcd8018018f16898de01976b319941a/commons-configuration-1.8.jar:/Users/adarsh.singh/.gradle/caches/modules-2/files-2.1/org.apache.curator/curator-recipes/2.1.0-incubating/44504385f3267af983dbb9f6278681765c3d9808/curator-recipes-2.1.0-incubating.jar:/Users/adarsh.singh/.gradle/caches/modules-2/files-2.1/org.hibernate.javax.persistence/hibernate-jpa-2.1-api/1.0.0.Final/5e731d961297e5a07290bfaf3db1fbc8bbbf405a/hibernate-jpa-2.1-api-1.0.0.Final.jar:/Users/adarsh.singh/.gradle/caches/modules-2/files-2.1/commons-logging/commons-logging/1.1.3/f6f66e966c70a83ffbdb6f17a0919eaf7c8aca7f/commons-logging-1.1.3.jar:/Users/adarsh.singh/.gradle/caches/modules-2/files-2.1/com.google.inject.extensions/guice-assistedinject/3.0/544449ddb19f088dcde44f055d30a08835a954a7/guice-assistedinject-3.0.jar:/Users/adarsh.singh/.gradle/caches/modules-2/files-2.1/antlr/antlr/2.7.7/83cd2cd674a217ade95a4bb83a8a14f351f48bd0/antlr-2.7.7.jar:/Users/adarsh.singh/.gradle/caches/modules-2/files-2.1/org.jboss/jandex/1.1.0.Final/e84a2122e76f0b6503be78094ddf2108057ac15f/jandex-1.1.0.Final.jar:/Users/adarsh.singh/.gradle/caches/modules-2/files-2.1/asm/asm/3.1/c157def142714c544bdea2e6144645702adf7097/asm-3.1.jar:/Users/adarsh.singh/.gradle/caches/modules-2/files-2.1/xml-apis/xml-apis/1.0.b2/3136ca936f64c9d68529f048c2618bd356bf85c9/xml-apis-1.0.b2.jar:/Users/adarsh.singh/.gradle/caches/modules-2/files-2.1/com.ning/async-http-client/1.7.4/5e4adfe5898c270fd5d768d015ef249dfdd9fd4f/async-http-client-1.7.4.jar:/Users/adarsh.singh/.gradle/caches/modules-2/files-2.1/org.codehaus.jettison/jettison/1.1/1a01a2a1218fcf9faa2cc2a6ced025bdea687262/jettison-1.1.jar:/Users/adarsh.singh/.gradle/caches/modules-2/files-2.1/org.jboss.spec.javax.transaction/jboss-transaction-api_1.2_spec/1.0.0.Final/1f9fef7a9fcbb41cc390fc370a291cf30729e094/jboss-transaction-api_1.2_spec-1.0.0.Final.jar:/Users/adarsh.singh/.gradle/caches/modules-2/files-2.1/flipkart.platform/prometheus/2.3.2/f64463f6e0c814eabd5477ea271367610d101557/prometheus-2.3.2.jar:/Users/adarsh.singh/.gradle/caches/modules-2/files-2.1/io.netty/netty/3.5.0.Final/60ecb5ad31045dc93e1b0fe8d0f14410d2011282/netty-3.5.0.Final.jar:/Users/adarsh.singh/.gradle/caches/modules-2/files-2.1/org.eclipse.jetty/jetty-util/8.1.10.v20130312/d198a8ad8ea20b4fb74c781175c48500ec2b8b7a/jetty-util-8.1.10.v20130312.jar:/Users/adarsh.singh/.gradle/caches/modules-2/files-2.1/org.apache.curator/curator-framework/2.1.0-incubating/b33f024fb6e8694b0ea9cded74929e0cc3e935ad/curator-framework-2.1.0-incubating.jar:/Users/adarsh.singh/.gradle/caches/modules-2/files-2.1/org.javassist/javassist/3.18.1-GA/d9a09f7732226af26bf99f19e2cffe0ae219db5b/javassist-3.18.1-GA.jar:/Users/adarsh.singh/.gradle/caches/modules-2/files-2.1/org.apache.zookeeper/zookeeper/3.4.5/c0f69fb36526552a8f0bc548a6c33c49cf08e562/zookeeper-3.4.5.jar:/Users/adarsh.singh/.gradle/caches/modules-2/files-2.1/com.google.inject.extensions/guice-servlet/3.0/610cde0e8da5a8b7d8efb8f0b8987466ffebaaf9/guice-servlet-3.0.jar:/Users/adarsh.singh/.gradle/caches/modules-2/files-2.1/com.sun.jersey.contribs/jersey-guice/1.9.1/3e7ff6836d3ceabb40fd1b36be2728224bdcc52f/jersey-guice-1.9.1.jar:/Users/adarsh.singh/.gradle/caches/modules-2/files-2.1/flipkart.scm/java-cas-client/0.0.4/533a649835d3f085aee8beb24bb0e5ecb316a689/java-cas-client-0.0.4.jar:/Users/adarsh.singh/.gradle/caches/modules-2/files-2.1/org.reflections/reflections/0.9.8/f723abb59bf512952bfc503838f70f81487a6993/reflections-0.9.8.jar:/Users/adarsh.singh/.gradle/caches/modules-2/files-2.1/stax/stax-api/1.0.1/49c100caf72d658aca8e58bd74a4ba90fa2b0d70/stax-api-1.0.1.jar:/Users/adarsh.singh/.gradle/caches/modules-2/files-2.1/jline/jline/0.9.94/99a18e9a44834afdebc467294e1138364c207402/jline-0.9.94.jar:/Users/adarsh.singh/.gradle/caches/modules-2/files-2.1/com.sun.jersey/jersey-core/1.17.1/7f73259ad9cf7be225f2a42bd4fe72f34ff9b65c/jersey-core-1.17.1.jar:/Users/adarsh.singh/.gradle/caches/modules-2/files-2.1/org.jboss.netty/netty/3.2.2.Final/d4afed2b2038db3f5298da54314575ef194f8bd0/netty-3.2.2.Final.jar:/Users/adarsh.singh/.gradle/caches/modules-2/files-2.1/com.hubspot.dropwizard/dropwizard-guice/0.6.2/431b6193345fcf7a6e52f14e3673c308f60be471/dropwizard-guice-0.6.2.jar:/Users/adarsh.singh/.gradle/caches/modules-2/files-2.1/com.sun.jersey/jersey-server/1.17.1/c5aa1109d50d11e3f0dca3af7ba94448255443e2/jersey-server-1.17.1.jar:/Users/adarsh.singh/.gradle/caches/modules-2/files-2.1/com.sun.jersey/jersey-servlet/1.17.1/36097a2966e9b989fbca6f7f579def99a91b29ad/jersey-servlet-1.17.1.jar:/Users/adarsh.singh/.gradle/caches/modules-2/files-2.1/org.slf4j/slf4j-api/1.7.5/6b262da268f8ad9eff941b25503a9198f0a0ac93/slf4j-api-1.7.5.jar:/Users/adarsh.singh/.gradle/caches/modules-2/files-2.1/com.yammer.metrics/metrics-core/2.2.0/f82c035cfa786d3cbec362c38c22a5f5b1bc8724/metrics-core-2.2.0.jar:/Users/adarsh.singh/.gradle/caches/modules-2/files-2.1/com.fasterxml.jackson.core/jackson-databind/2.2.1/2d91b238c187a7f9852d08792d0375e3e02d04/jackson-databind-2.2.1.jar:/Users/adarsh.singh/.gradle/caches/modules-2/files-2.1/com.yammer.metrics/metrics-servlet/2.2.0/ba3a0ef3ebfd6d225c6060f6ab7f02a3812fca21/metrics-servlet-2.2.0.jar:/Users/adarsh.singh/.gradle/caches/modules-2/files-2.1/com.yammer.metrics/metrics-jetty/2.2.0/14e6db0fa4786c127f754ecd7cc0d5d179d65a28/metrics-jetty-2.2.0.jar:/Users/adarsh.singh/.gradle/caches/modules-2/files-2.1/com.yammer.metrics/metrics-logback/2.2.0/d5db4b1401c7233beb25aa513a16fb88549e762f/metrics-logback-2.2.0.jar:/Users/adarsh.singh/.gradle/caches/modules-2/files-2.1/com.yammer.metrics/metrics-jersey/2.2.0/2caba46abc2c8b8948144b44987db4e53261c81b/metrics-jersey-2.2.0.jar:/Users/adarsh.singh/.gradle/caches/modules-2/files-2.1/com.fasterxml.jackson.jaxrs/jackson-jaxrs-json-provider/2.1.4/7e26d5e2761916314c2530e5ea35353948849094/jackson-jaxrs-json-provider-2.1.4.jar:/Users/adarsh.singh/.gradle/caches/modules-2/files-2.1/com.fasterxml.jackson.dataformat/jackson-dataformat-yaml/2.1.4/d854b9a179b422f65afaa34d3506ddc82a00b56f/jackson-dataformat-yaml-2.1.4.jar:/Users/adarsh.singh/.gradle/caches/modules-2/files-2.1/com.fasterxml.jackson.datatype/jackson-datatype-guava/2.1.2/41a0c22948d27e5be327ee67abe3fb96300a02d0/jackson-datatype-guava-2.1.2.jar:/Users/adarsh.singh/.gradle/caches/modules-2/files-2.1/net.sourceforge.argparse4j/argparse4j/0.4.0/d6ec4128ff0a3ef64f992f1d489b2b4179c8ba81/argparse4j-0.4.0.jar:/Users/adarsh.singh/.gradle/caches/modules-2/files-2.1/com.fasterxml.jackson.core/jackson-annotations/2.2.1/803710196f583a03f845a6215ae3eec678aacc13/jackson-annotations-2.2.1.jar:/Users/adarsh.singh/.gradle/caches/modules-2/files-2.1/org.slf4j/jul-to-slf4j/1.7.4/43fe6b317ce9d7ea7760d651811e73bcb9cebd95/jul-to-slf4j-1.7.4.jar:/Users/adarsh.singh/.gradle/caches/modules-2/files-2.1/org.eclipse.jetty.orbit/javax.servlet/3.0.0.v201112011016/aaaa85845fb5c59da00193f06b8e5278d8bf3f8/javax.servlet-3.0.0.v201112011016.jar:/Users/adarsh.singh/.gradle/caches/modules-2/files-2.1/ch.qos.logback/logback-core/1.0.10/842a711f90ad216ea46669a45a34cce09d2d90b1/logback-core-1.0.10.jar:/Users/adarsh.singh/.gradle/caches/modules-2/files-2.1/com.google.inject.extensions/guice-persist/3.0/61e6ff3713cb29b01dc0ae6942e3646a794ffbb0/guice-persist-3.0.jar:/Users/adarsh.singh/.gradle/caches/modules-2/files-2.1/org.eclipse.jetty/jetty-continuation/8.1.10.v20130312/c0e26574ddcac7a86486f19a8b3782657acfd961/jetty-continuation-8.1.10.v20130312.jar:/Users/adarsh.singh/.gradle/caches/modules-2/files-2.1/com.fasterxml.jackson.core/jackson-core/2.2.1/efe4f3ed142912df91b401b449baece2d3899802/jackson-core-2.2.1.jar:/Users/adarsh.singh/.gradle/caches/modules-2/files-2.1/ch.qos.logback/logback-classic/1.0.10/b0c8c7e444528ca41a95cfa53a15602a19fb8528/logback-classic-1.0.10.jar:/Users/adarsh.singh/.gradle/caches/modules-2/files-2.1/com.yammer.dropwizard/dropwizard-core/0.6.2/b737ff9140b16e73f6af5a0fbcdfef233b70ffd3/dropwizard-core-0.6.2.jar:/Users/adarsh.singh/.gradle/caches/modules-2/files-2.1/org.eclipse.jetty/jetty-server/8.1.10.v20130312/13ca9587bc1645f8fac89454b15252a2ad5bdcf5/jetty-server-8.1.10.v20130312.jar:/Users/adarsh.singh/.gradle/caches/modules-2/files-2.1/org.eclipse.jetty/jetty-servlet/8.1.10.v20130312/98f8029fe7236e9c66381c04f292b5319f47ca84/jetty-servlet-8.1.10.v20130312.jar:/Users/adarsh.singh/.gradle/caches/modules-2/files-2.1/org.eclipse.jetty/jetty-http/8.1.10.v20130312/d9eb53007e04d6338f12f3ded60fad1f7bfcb40e/jetty-http-8.1.10.v20130312.jar:/Users/adarsh.singh/.gradle/caches/modules-2/files-2.1/org.apache.httpcomponents/httpcore/4.2.2/b76bee23cd3f3ee9b98bc7c2c14670e821ddbbfd/httpcore-4.2.2.jar:/Users/adarsh.singh/.gradle/caches/modules-2/files-2.1/com.google.code.findbugs/jsr305/2.0.1/516c03b21d50a644d538de0f0369c620989cd8f0/jsr305-2.0.1.jar:/Users/adarsh.singh/.gradle/caches/modules-2/files-2.1/commons-lang/commons-lang/2.6/ce1edb914c94ebc388f086c6827e8bdeec71ac2/commons-lang-2.6.jar:/Users/adarsh.singh/.gradle/caches/modules-2/files-2.1/org.joda/joda-money/0.9/a6c03f9646c69d9f41446b7cc2617a4435078d23/joda-money-0.9.jar:/Users/adarsh.singh/.gradle/caches/modules-2/files-2.1/org.hibernate/hibernate-validator/4.3.1.Final/49b31d8ea51fa21cc78a89e9d4ddb11d6bfb4669/hibernate-validator-4.3.1.Final.jar:/Users/adarsh.singh/.gradle/caches/modules-2/files-2.1/com.fasterxml.jackson.datatype/jackson-datatype-joda/2.1.2/1a7b9bf4b308793e53b34eff718f5e156881ced5/jackson-datatype-joda-2.1.2.jar:/Users/adarsh.singh/.gradle/caches/modules-2/files-2.1/org.apache.curator/curator-client/2.1.0-incubating/ac519719c70fa912d07402193897d4686cfc266f/curator-client-2.1.0-incubating.jar:/Users/adarsh.singh/.gradle/caches/modules-2/files-2.1/com.netflix.hystrix/hystrix-yammer-metrics-publisher/1.3.8/7de9e5ccaf0a3c989e67f346d2150748114e32dd/hystrix-yammer-metrics-publisher-1.3.8.jar:/Users/adarsh.singh/.gradle/caches/modules-2/files-2.1/commons-codec/commons-codec/1.6/b7f0fc8f61ecadeb3695f0b9464755eee44374d4/commons-codec-1.6.jar:/Users/adarsh.singh/.gradle/caches/modules-2/files-2.1/com.google.inject.extensions/guice-multibindings/3.0/5e670615a927571234df68a8b1fe1a16272be555/guice-multibindings-3.0.jar:/Users/adarsh.singh/.gradle/caches/modules-2/files-2.1/com.yammer.dropwizard/dropwizard-db/0.6.2/83b8680c6e2b55d47ea83486bbce936c6e3329ac/dropwizard-db-0.6.2.jar:/Users/adarsh.singh/.gradle/caches/modules-2/files-2.1/org.apache.t
[...]
13:12:49.383 [Test worker] DEBUG org.hibernate.cfg.Configuration - Processing collection mappings
13:12:49.383 [Test worker] DEBUG org.hibernate.cfg.Configuration - Processing native query and ResultSetMapping mappings
13:12:49.383 [Test worker] DEBUG org.hibernate.cfg.Configuration - Processing association property references
13:12:49.383 [Test worker] DEBUG org.hibernate.cfg.Configuration - Creating tables' unique integer identifiers
13:12:49.383 [Test worker] DEBUG org.hibernate.cfg.Configuration - Processing foreign key constraints
13:12:49.383 [Test worker] DEBUG org.hibernate.cfg.Configuration - Resolving reference to class: com.jpa.advance.example.model.OrderEntity
13:12:49.383 [Test worker] DEBUG org.hibernate.cfg.Configuration - Resolving reference to class: com.jpa.advance.example.model.OrderEntity
13:12:49.383 [Test worker] DEBUG org.hibernate.cfg.Configuration - Resolving reference to class: com.jpa.advance.example.model.OrderItem
13:12:49.383 [Test worker] DEBUG org.hibernate.cfg.Configuration - Resolving reference to class: com.jpa.advance.example.model.Shipment
13:12:49.383 [Test worker] DEBUG o.h.i.f.i.DefaultIdentifierGeneratorFactory - Setting dialect [org.hibernate.dialect.HSQLDialect]
13:12:49.383 [Test worker] DEBUG o.h.i.f.i.DefaultIdentifierGeneratorFactory - Setting dialect [org.hibernate.dialect.HSQLDialect]
13:12:49.383 [Test worker] DEBUG o.h.i.f.i.DefaultIdentifierGeneratorFactory - Setting dialect [org.hibernate.dialect.HSQLDialect]
13:12:49.383 [Test worker] DEBUG o.h.i.f.i.DefaultIdentifierGeneratorFactory - Setting dialect [org.hibernate.dialect.HSQLDialect]
13:12:49.383 [Test worker] DEBUG org.hibernate.cfg.Configuration - Processing hbm.xml files
13:12:49.383 [Test worker] DEBUG org.hibernate.cfg.Configuration - Process annotated classes
13:12:49.383 [Test worker] DEBUG org.hibernate.cfg.Configuration - Processing fk mappings (*ToOne and JoinedSubclass)
13:12:49.383 [Test worker] DEBUG org.hibernate.cfg.Configuration - Processing extends queue
13:12:49.383 [Test worker] DEBUG org.hibernate.cfg.Configuration - Processing extends queue
13:12:49.383 [Test worker] DEBUG org.hibernate.cfg.Configuration - Processing collection mappings
13:12:49.383 [Test worker] DEBUG org.hibernate.cfg.Configuration - Processing native query and ResultSetMapping mappings
13:12:49.383 [Test worker] DEBUG org.hibernate.cfg.Configuration - Processing association property references
13:12:49.383 [Test worker] DEBUG org.hibernate.cfg.Configuration - Creating tables' unique integer identifiers
13:12:49.383 [Test worker] DEBUG org.hibernate.cfg.Configuration - Processing foreign key constraints
13:12:49.383 [Test worker] DEBUG org.hibernate.cfg.Configuration - Resolving reference to class: com.jpa.advance.example.model.OrderEntity
13:12:49.383 [Test worker] DEBUG org.hibernate.cfg.Configuration - Resolving reference to class: com.jpa.advance.example.model.OrderEntity
13:12:49.383 [Test worker] DEBUG org.hibernate.cfg.Configuration - Resolving reference to class: com.jpa.advance.example.model.OrderItem
13:12:49.383 [Test worker] DEBUG org.hibernate.cfg.Configuration - Resolving reference to class: com.jpa.advance.example.model.Shipment
13:12:49.383 [Test worker] DEBUG o.h.i.f.i.DefaultIdentifierGeneratorFactory - Setting dialect [org.hibernate.dialect.HSQLDialect]
13:12:49.384 [Test worker] DEBUG o.h.i.f.i.DefaultIdentifierGeneratorFactory - Setting dialect [org.hibernate.dialect.HSQLDialect]
13:12:49.384 [Test worker] DEBUG o.h.i.f.i.DefaultIdentifierGeneratorFactory - Setting dialect [org.hibernate.dialect.HSQLDialect]
13:12:49.384 [Test worker] DEBUG o.h.i.f.i.DefaultIdentifierGeneratorFactory - Setting dialect [org.hibernate.dialect.HSQLDialect]
13:12:49.384 [Test worker] DEBUG o.h.i.f.i.DefaultIdentifierGeneratorFactory - Setting dialect [org.hibernate.dialect.HSQLDialect]
13:12:49.384 [Test worker] DEBUG o.h.i.f.i.DefaultIdentifierGeneratorFactory - Setting dialect [org.hibernate.dialect.HSQLDialect]
13:12:49.384 [Test worker] DEBUG o.h.i.f.i.DefaultIdentifierGeneratorFactory - Setting dialect [org.hibernate.dialect.HSQLDialect]
13:12:49.384 [Test worker] DEBUG o.h.i.f.i.DefaultIdentifierGeneratorFactory - Setting dialect [org.hibernate.dialect.HSQLDialect]
13:12:49.384 [Test worker] INFO  o.h.tool.hbm2ddl.SchemaExport - HHH000227: Running hbm2ddl schema export
13:12:49.384 [Test worker] DEBUG o.h.tool.hbm2ddl.SchemaExport - Import file not found: /import.sql
13:12:49.384 [Test worker] DEBUG org.hibernate.SQL - alter table order_history drop constraint FK_a8i5gvsqpx8mgopyw8xffx6hu
13:12:49.385 [Test worker] DEBUG org.hibernate.SQL - alter table order_item drop constraint FK_5gjhq2fmknk50h8859nf0bcmx
13:12:49.385 [Test worker] DEBUG org.hibernate.SQL - alter table shipment_items drop constraint FK_i51jtarhiw7fqqtjas09p2rgd
13:12:49.386 [Test worker] DEBUG org.hibernate.SQL - alter table shipment_items drop constraint FK_kqi5hr4am4qy80voqmeaxfwwf
13:12:49.386 [Test worker] DEBUG org.hibernate.SQL - drop table order_entity if exists
13:12:49.387 [Test worker] DEBUG org.hibernate.SQL - drop table order_history if exists
13:12:49.387 [Test worker] DEBUG org.hibernate.SQL - drop table order_item if exists
13:12:49.387 [Test worker] DEBUG org.hibernate.SQL - drop table shipment if exists
13:12:49.387 [Test worker] DEBUG org.hibernate.SQL - drop table shipment_items if exists
13:12:49.387 [Test worker] DEBUG org.hibernate.SQL - create table order_entity (id bigint generated by default as identity (start with 1), created_at timestamp, created_by varchar(255), updated_at timestamp, updated_by varchar(255), created timestamp, customer_name varchar(255), external_order_id varchar(255) not null, order_value numeric(19,2), status varchar(255), updated timestamp, version integer not null, primary key (id))
13:12:49.388 [Test worker] DEBUG org.hibernate.SQL - create table order_history (id bigint generated by default as identity (start with 1), change_date timestamp, from_status varchar(255), to_status varchar(255), order_id bigint, primary key (id))
13:12:49.388 [Test worker] DEBUG org.hibernate.SQL - create table order_item (id bigint generated by default as identity (start with 1), fsn varchar(255) not null, quantity integer not null check (quantity>=1), order_id bigint, primary key (id))
13:12:49.388 [Test worker] DEBUG org.hibernate.SQL - create table shipment (id bigint generated by default as identity (start with 1), primary key (id))
13:12:49.389 [Test worker] DEBUG org.hibernate.SQL - create table shipment_items (shipment bigint not null, order_item bigint not null)
13:12:49.389 [Test worker] DEBUG org.hibernate.SQL - alter table order_history add constraint FK_a8i5gvsqpx8mgopyw8xffx6hu foreign key (order_id) references order_entity
13:12:49.389 [Test worker] DEBUG org.hibernate.SQL - alter table order_item add constraint FK_5gjhq2fmknk50h8859nf0bcmx foreign key (order_id) references order_entity
13:12:49.390 [Test worker] DEBUG org.hibernate.SQL - alter table shipment_items add constraint FK_i51jtarhiw7fqqtjas09p2rgd foreign key (order_item) references order_item
13:12:49.390 [Test worker] DEBUG org.hibernate.SQL - alter table shipment_items add constraint FK_kqi5hr4am4qy80voqmeaxfwwf foreign key (shipment) references shipment
13:12:49.390 [Test worker] INFO  o.h.tool.hbm2ddl.SchemaExport - HHH000230: Schema export complete
13:12:49.390 [Test worker] DEBUG org.hibernate.cfg.Configuration - Processing hbm.xml files
13:12:49.390 [Test worker] DEBUG org.hibernate.cfg.Configuration - Process annotated classes
13:12:49.390 [Test worker] DEBUG org.hibernate.cfg.Configuration - Processing fk mappings (*ToOne and JoinedSubclass)
13:12:49.390 [Test worker] DEBUG org.hibernate.cfg.Configuration - Processing extends queue
13:12:49.390 [Test worker] DEBUG org.hibernate.cfg.Configuration - Processing extends queue
13:12:49.390 [Test worker] DEBUG org.hibernate.cfg.Configuration - Processing collection mappings
13:12:49.390 [Test worker] DEBUG org.hibernate.cfg.Configuration - Processing native query and ResultSetMapping mappings
13:12:49.390 [Test worker] DEBUG org.hibernate.cfg.Configuration - Processing association property references
13:12:49.390 [Test worker] DEBUG org.hibernate.cfg.Configuration - Creating tables' unique integer identifiers
13:12:49.390 [Test worker] DEBUG org.hibernate.cfg.Configuration - Processing foreign key constraints
13:12:49.391 [Test worker] DEBUG org.hibernate.cfg.Configuration - Resolving reference to class: com.jpa.advance.example.model.OrderEntity
13:12:49.391 [Test worker] DEBUG org.hibernate.cfg.Configuration - Resolving reference to class: com.jpa.advance.example.model.OrderEntity
13:12:49.391 [Test worker] DEBUG org.hibernate.cfg.Configuration - Resolving reference to class: com.jpa.advance.example.model.OrderItem
13:12:49.391 [Test worker] DEBUG org.hibernate.cfg.Configuration - Resolving reference to class: com.jpa.advance.example.model.Shipment
13:12:49.391 [Test worker] DEBUG o.h.i.f.i.DefaultIdentifierGeneratorFactory - Setting dialect [org.hibernate.dialect.HSQLDialect]
13:12:49.391 [Test worker] DEBUG o.h.i.f.i.DefaultIdentifierGeneratorFactory - Setting dialect [org.hibernate.dialect.HSQLDialect]
13:12:49.391 [Test worker] DEBUG o.h.i.f.i.DefaultIdentifierGeneratorFactory - Setting dialect [org.hibernate.dialect.HSQLDialect]
13:12:49.391 [Test worker] DEBUG o.h.i.f.i.DefaultIdentifierGeneratorFactory - Setting dialect [org.hibernate.dialect.HSQLDialect]
13:12:49.391 [Test worker] DEBUG org.hibernate.cfg.Configuration - Processing hbm.xml files
13:12:49.391 [Test worker] DEBUG org.hibernate.cfg.Configuration - Process annotated classes
13:12:49.391 [Test worker] DEBUG org.hibernate.cfg.Configuration - Processing fk mappings (*ToOne and JoinedSubclass)
13:12:49.391 [Test worker] DEBUG org.hibernate.cfg.Configuration - Processing extends queue
13:12:49.391 [Test worker] DEBUG org.hibernate.cfg.Configuration - Processing extends queue
13:12:49.391 [Test worker] DEBUG org.hibernate.cfg.Configuration - Processing collection mappings
13:12:49.391 [Test worker] DEBUG org.hibernate.cfg.Configuration - Processing native query and ResultSetMapping mappings
13:12:49.391 [Test worker] DEBUG org.hibernate.cfg.Configuration - Processing association property references
13:12:49.391 [Test worker] DEBUG org.hibernate.cfg.Configuration - Creating tables' unique integer identifiers
13:12:49.391 [Test worker] DEBUG org.hibernate.cfg.Configuration - Processing foreign key constraints
13:12:49.391 [Test worker] DEBUG org.hibernate.cfg.Configuration - Resolving reference to class: com.jpa.advance.example.model.OrderEntity
13:12:49.391 [Test worker] DEBUG org.hibernate.cfg.Configuration - Resolving reference to class: com.jpa.advance.example.model.OrderEntity
13:12:49.391 [Test worker] DEBUG org.hibernate.cfg.Configuration - Resolving reference to class: com.jpa.advance.example.model.OrderItem
13:12:49.391 [Test worker] DEBUG org.hibernate.cfg.Configuration - Resolving reference to class: com.jpa.advance.example.model.Shipment
13:12:49.391 [Test worker] DEBUG o.h.i.f.i.DefaultIdentifierGeneratorFactory - Setting dialect [org.hibernate.dialect.HSQLDialect]
13:12:49.391 [Test worker] DEBUG o.h.i.f.i.DefaultIdentifierGeneratorFactory - Setting dialect [org.hibernate.dialect.HSQLDialect]
13:12:49.391 [Test worker] DEBUG o.h.i.f.i.DefaultIdentifierGeneratorFactory - Setting dialect [org.hibernate.dialect.HSQLDialect]
13:12:49.391 [Test worker] DEBUG o.h.i.f.i.DefaultIdentifierGeneratorFactory - Setting dialect [org.hibernate.dialect.HSQLDialect]
13:12:49.392 [Test worker] DEBUG o.h.i.f.i.DefaultIdentifierGeneratorFactory - Setting dialect [org.hibernate.dialect.HSQLDialect]
13:12:49.392 [Test worker] DEBUG o.h.i.f.i.DefaultIdentifierGeneratorFactory - Setting dialect [org.hibernate.dialect.HSQLDialect]
13:12:49.392 [Test worker] DEBUG o.h.i.f.i.DefaultIdentifierGeneratorFactory - Setting dialect [org.hibernate.dialect.HSQLDialect]
13:12:49.392 [Test worker] DEBUG o.h.i.f.i.DefaultIdentifierGeneratorFactory - Setting dialect [org.hibernate.dialect.HSQLDialect]
13:12:49.392 [Test worker] DEBUG o.h.internal.NamedQueryRepository - Checking 0 named HQL queries
13:12:49.392 [Test worker] DEBUG o.h.internal.NamedQueryRepository - Checking 0 named SQL queries
13:12:49.392 [Test worker] DEBUG o.h.s.internal.StatisticsInitiator - Statistics initialized [enabled=false]
13:12:49.392 [Test worker] DEBUG o.h.j.i.schemagen.JpaSchemaGenerator - No actions specified; doing nothing
13:12:49.394 [Test worker] DEBUG o.h.j.i.EntityManagerFactoryRegistry - Registering EntityManagerFactory: default 
13:12:49.394 [Test worker] WARN  o.h.j.i.EntityManagerFactoryRegistry - HHH000436: Entity manager factory name (default) is already registered.  If entity manager will be clustered or passivated, specify a unique value for property 'hibernate.ejb.entitymanager_factory_name'
13:12:49.394 [Test worker] DEBUG o.s.orm.jpa.JpaTransactionManager - Creating new transaction with name [com.jpa.advance.example.TestVersionAnnotation$$EnhancerByGuice$$22ee63bd.checkLockModeType]: PROPAGATION_REQUIRED,ISOLATION_DEFAULT; ''
13:12:49.395 [Test worker] DEBUG o.s.orm.jpa.JpaTransactionManager - Opened new EntityManager [org.hibernate.jpa.internal.EntityManagerImpl@78e980bc] for JPA transaction
13:12:49.395 [Test worker] DEBUG o.h.e.t.spi.AbstractTransactionImpl - begin
13:12:49.395 [Test worker] DEBUG o.h.e.j.i.LogicalConnectionImpl - Obtaining JDBC connection
13:12:49.395 [Test worker] DEBUG o.h.e.j.i.LogicalConnectionImpl - Obtained JDBC connection
13:12:49.395 [Test worker] DEBUG o.h.e.t.i.jdbc.JdbcTransaction - initial autocommit status: true
13:12:49.395 [Test worker] DEBUG o.h.e.t.i.jdbc.JdbcTransaction - disabling autocommit
13:12:49.395 [Test worker] DEBUG o.s.orm.jpa.JpaTransactionManager - Exposing JPA transaction as JDBC transaction [org.springframework.orm.jpa.vendor.HibernateJpaDialect$HibernateConnectionHandle@625b1929]
13:12:49.396 [Test worker] DEBUG f.s.c.e.g.j.s.CustomAnnotationTransactionAttributeSource - Adding transactional method 'TestVersionAnnotation$$EnhancerByGuice$$22ee63bd.createOrder' with attribute: PROPAGATION_REQUIRES_NEW,ISOLATION_DEFAULT; ''
13:12:49.396 [Test worker] DEBUG o.s.orm.jpa.JpaTransactionManager - Found thread-bound EntityManager [org.hibernate.jpa.internal.EntityManagerImpl@78e980bc] for JPA transaction
13:12:49.396 [Test worker] DEBUG o.s.orm.jpa.JpaTransactionManager - Suspending current transaction, creating new transaction with name [com.jpa.advance.example.TestVersionAnnotation$$EnhancerByGuice$$22ee63bd.createOrder]
13:12:49.398 [Test worker] DEBUG o.s.orm.jpa.JpaTransactionManager - Opened new EntityManager [org.hibernate.jpa.internal.EntityManagerImpl@694b6378] for JPA transaction
13:12:49.398 [Test worker] DEBUG o.h.e.t.spi.AbstractTransactionImpl - begin
13:12:49.398 [Test worker] DEBUG o.h.e.j.i.LogicalConnectionImpl - Obtaining JDBC connection
13:12:49.398 [Test worker] DEBUG o.h.e.j.i.LogicalConnectionImpl - Obtained JDBC connection
13:12:49.398 [Test worker] DEBUG o.h.e.t.i.jdbc.JdbcTransaction - initial autocommit status: true
13:12:49.398 [Test worker] DEBUG o.h.e.t.i.jdbc.JdbcTransaction - disabling autocommit
13:12:49.398 [Test worker] DEBUG o.s.orm.jpa.JpaTransactionManager - Exposing JPA transaction as JDBC transaction [org.springframework.orm.jpa.vendor.HibernateJpaDialect$HibernateConnectionHandle@7d9bcc60]
13:12:49.398 [Test worker] DEBUG org.hibernate.engine.spi.ActionQueue - Executing identity-insert immediately
13:12:49.399 [Test worker] DEBUG org.hibernate.SQL - insert into order_entity (id, created_at, created_by, updated_at, updated_by, created, customer_name, external_order_id, order_value, status, updated, version) values (default, ?, ?, ?, ?, ?, ?, ?, ?, ?, ?, ?)
13:12:49.400 [Test worker] DEBUG o.h.id.IdentifierGeneratorHelper - Natively generated identity: 1
13:12:49.400 [Test worker] DEBUG o.s.orm.jpa.JpaTransactionManager - Initiating transaction commit
13:12:49.400 [Test worker] DEBUG o.s.orm.jpa.JpaTransactionManager - Committing JPA transaction on EntityManager [org.hibernate.jpa.internal.EntityManagerImpl@694b6378]
13:12:49.400 [Test worker] DEBUG o.h.e.t.spi.AbstractTransactionImpl - committing
13:12:49.400 [Test worker] DEBUG o.h.e.i.AbstractFlushingEventListener - Processing flush-time cascades
13:12:49.400 [Test worker] DEBUG o.h.e.i.AbstractFlushingEventListener - Dirty checking collections
13:12:49.401 [Test worker] DEBUG o.h.engine.internal.Collections - Collection found: [com.jpa.advance.example.model.OrderEntity.history#1], was: [<unreferenced>] (initialized)
13:12:49.401 [Test worker] DEBUG o.h.engine.internal.Collections - Collection found: [com.jpa.advance.example.model.OrderEntity.items#1], was: [<unreferenced>] (initialized)
13:12:49.401 [Test worker] DEBUG o.h.e.i.AbstractFlushingEventListener - Flushed: 0 insertions, 0 updates, 0 deletions to 1 objects
13:12:49.401 [Test worker] DEBUG o.h.e.i.AbstractFlushingEventListener - Flushed: 2 (re)creations, 0 updates, 0 removals to 2 collections
13:12:49.401 [Test worker] DEBUG o.h.internal.util.EntityPrinter - Listing entities:
13:12:49.401 [Test worker] DEBUG o.h.internal.util.EntityPrinter - com.jpa.advance.example.model.OrderEntity{updatedBy=Test2, created=2016-05-18T13:12:49.398, externalOrderId=OD1, history=[], orderValue=1000, version=0, customerName=test, createdAt=2016-05-18T13:12:49.398, createdBy=Test2, id=1, items=[], updated=null, updatedAt=2016-05-18T13:12:49.398, status=CREATED}
13:12:49.401 [Test worker] DEBUG o.h.p.c.AbstractCollectionPersister - Inserting collection: [com.jpa.advance.example.model.OrderEntity.history#1]
13:12:49.401 [Test worker] DEBUG o.h.p.c.AbstractCollectionPersister - Collection was empty
13:12:49.401 [Test worker] DEBUG o.h.p.c.AbstractCollectionPersister - Inserting collection: [com.jpa.advance.example.model.OrderEntity.items#1]
13:12:49.401 [Test worker] DEBUG o.h.p.c.AbstractCollectionPersister - Collection was empty
13:12:49.401 [Test worker] DEBUG o.h.e.t.i.jdbc.JdbcTransaction - committed JDBC Connection
13:12:49.401 [Test worker] DEBUG o.h.e.t.i.jdbc.JdbcTransaction - re-enabling autocommit
13:12:49.401 [Test worker] DEBUG o.s.orm.jpa.JpaTransactionManager - Closing JPA EntityManager [org.hibernate.jpa.internal.EntityManagerImpl@694b6378] after transaction
13:12:49.401 [Test worker] DEBUG o.s.o.jpa.EntityManagerFactoryUtils - Closing JPA EntityManager
13:12:49.401 [Test worker] DEBUG o.h.e.j.i.LogicalConnectionImpl - Releasing JDBC connection
13:12:49.401 [Test worker] DEBUG o.h.e.j.i.LogicalConnectionImpl - Released JDBC connection
13:12:49.401 [Test worker] DEBUG o.s.orm.jpa.JpaTransactionManager - Resuming suspended transaction after completion of inner transaction
13:12:49.402 [Test worker] DEBUG o.h.j.spi.AbstractEntityManagerImpl - Mark transaction for rollback
13:12:49.402 [Test worker] DEBUG o.s.orm.jpa.JpaTransactionManager - Initiating transaction rollback
13:12:49.402 [Test worker] DEBUG o.s.orm.jpa.JpaTransactionManager - Rolling back JPA transaction on EntityManager [org.hibernate.jpa.internal.EntityManagerImpl@78e980bc]
13:12:49.402 [Test worker] DEBUG o.h.e.t.spi.AbstractTransactionImpl - rolling back
13:12:49.402 [Test worker] DEBUG o.h.e.t.i.jdbc.JdbcTransaction - rolled JDBC Connection
13:12:49.402 [Test worker] DEBUG o.h.e.t.i.jdbc.JdbcTransaction - re-enabling autocommit
13:12:49.402 [Test worker] DEBUG o.s.orm.jpa.JpaTransactionManager - Closing JPA EntityManager [org.hibernate.jpa.internal.EntityManagerImpl@78e980bc] after transaction
13:12:49.402 [Test worker] DEBUG o.s.o.jpa.EntityManagerFactoryUtils - Closing JPA EntityManager
13:12:49.402 [Test worker] DEBUG o.h.e.j.i.LogicalConnectionImpl - Releasing JDBC connection
13:12:49.402 [Test worker] DEBUG o.h.e.j.i.LogicalConnectionImpl - Released JDBC connection
]]></system-out>
  <system-err><![CDATA[]]></system-err>
</testsuite>
